[0.761s] Invoking command in '/home/jingyan/handhold_radar_test/src/iwr6843aop_pub-main': PYTHONPATH=/home/jingyan/handhold_radar_test/install/iwr6843aop_pub/lib/python3.8/site-packages:${PYTHONPATH} /usr/bin/python3 setup.py egg_info --egg-base ../../build/iwr6843aop_pub build --build-base /home/jingyan/handhold_radar_test/build/iwr6843aop_pub/build install --prefix /home/jingyan/handhold_radar_test/install/iwr6843aop_pub --record /home/jingyan/handhold_radar_test/build/iwr6843aop_pub/install.log --single-version-externally-managed
[0.961s] /usr/local/lib/python3.8/dist-packages/setuptools/dist.py:771: UserWarning: Usage of dash-separated 'script-dir' will not be supported in future versions. Please use the underscore name 'script_dir' instead
[0.961s]   warnings.warn(
[0.961s] /usr/local/lib/python3.8/dist-packages/setuptools/dist.py:771: UserWarning: Usage of dash-separated 'install-scripts' will not be supported in future versions. Please use the underscore name 'install_scripts' instead
[0.962s]   warnings.warn(
[1.013s] running egg_info
[1.022s] writing ../../build/iwr6843aop_pub/iwr6843aop_pub.egg-info/PKG-INFO
[1.022s] writing dependency_links to ../../build/iwr6843aop_pub/iwr6843aop_pub.egg-info/dependency_links.txt
[1.022s] writing entry points to ../../build/iwr6843aop_pub/iwr6843aop_pub.egg-info/entry_points.txt
[1.022s] writing requirements to ../../build/iwr6843aop_pub/iwr6843aop_pub.egg-info/requires.txt
[1.022s] writing top-level names to ../../build/iwr6843aop_pub/iwr6843aop_pub.egg-info/top_level.txt
[1.039s] reading manifest file '../../build/iwr6843aop_pub/iwr6843aop_pub.egg-info/SOURCES.txt'
[1.040s] writing manifest file '../../build/iwr6843aop_pub/iwr6843aop_pub.egg-info/SOURCES.txt'
[1.040s] running build
[1.040s] running build_py
[1.040s] running install
[1.040s] /usr/local/lib/python3.8/dist-packages/setuptools/command/install.py:34: SetuptoolsDeprecationWarning: setup.py install is deprecated. Use build and pip and other standards-based tools.
[1.041s]   warnings.warn(
[1.044s] running install_lib
[1.057s] running install_data
[1.065s] running install_egg_info
[1.073s] removing '/home/jingyan/handhold_radar_test/install/iwr6843aop_pub/lib/python3.8/site-packages/iwr6843aop_pub-0.0.0-py3.8.egg-info' (and everything under it)
[1.074s] Copying ../../build/iwr6843aop_pub/iwr6843aop_pub.egg-info to /home/jingyan/handhold_radar_test/install/iwr6843aop_pub/lib/python3.8/site-packages/iwr6843aop_pub-0.0.0-py3.8.egg-info
[1.074s] running install_scripts
[1.119s] Installing pcl_pub script to /home/jingyan/handhold_radar_test/install/iwr6843aop_pub/lib/iwr6843aop_pub
[1.119s] writing list of installed files to '/home/jingyan/handhold_radar_test/build/iwr6843aop_pub/install.log'
[1.163s] Invoked command in '/home/jingyan/handhold_radar_test/src/iwr6843aop_pub-main' returned '0': PYTHONPATH=/home/jingyan/handhold_radar_test/install/iwr6843aop_pub/lib/python3.8/site-packages:${PYTHONPATH} /usr/bin/python3 setup.py egg_info --egg-base ../../build/iwr6843aop_pub build --build-base /home/jingyan/handhold_radar_test/build/iwr6843aop_pub/build install --prefix /home/jingyan/handhold_radar_test/install/iwr6843aop_pub --record /home/jingyan/handhold_radar_test/build/iwr6843aop_pub/install.log --single-version-externally-managed
