[0.466s] DEBUG:colcon:Command line arguments: ['/usr/bin/colcon', 'build']
[0.466s] DEBUG:colcon:Parsed command line arguments: Namespace(allow_overriding=[], ament_cmake_args=None, base_paths=['.'], build_base='build', catkin_cmake_args=None, catkin_skip_building_tests=False, cmake_args=None, cmake_clean_cache=False, cmake_clean_first=False, cmake_force_configure=False, cmake_target=None, cmake_target_skip_unavailable=False, continue_on_error=False, event_handlers=None, executor='parallel', ignore_user_meta=False, install_base='install', log_base=None, log_level=None, main=<bound method BuildVerb.main of <colcon_core.verb.build.BuildVerb object at 0x7f86180fadf0>>, merge_install=False, metas=['./colcon.meta'], packages_above=None, packages_above_and_dependencies=None, packages_above_depth=None, packages_end=None, packages_ignore=None, packages_ignore_regex=None, packages_select=None, packages_select_build_failed=False, packages_select_by_dep=None, packages_select_regex=None, packages_select_test_failures=False, packages_skip=None, packages_skip_build_finished=False, packages_skip_by_dep=None, packages_skip_regex=None, packages_skip_test_passed=False, packages_skip_up_to=None, packages_start=None, packages_up_to=None, packages_up_to_regex=None, parallel_workers=16, paths=None, symlink_install=False, test_result_base=None, verb_extension=<colcon_core.verb.build.BuildVerb object at 0x7f86180fadf0>, verb_name='build', verb_parser=<colcon_defaults.argument_parser.defaults.DefaultArgumentsDecorator object at 0x7f8617fa1130>)
[0.542s] Level 1:colcon.colcon_core.package_discovery:discover_packages(colcon_meta) check parameters
[0.542s] Level 1:colcon.colcon_core.package_discovery:discover_packages(recursive) check parameters
[0.542s] Level 1:colcon.colcon_core.package_discovery:discover_packages(ignore) check parameters
[0.542s] Level 1:colcon.colcon_core.package_discovery:discover_packages(path) check parameters
[0.542s] Level 1:colcon.colcon_core.package_discovery:discover_packages(colcon_meta) discover
[0.542s] Level 1:colcon.colcon_core.package_discovery:discover_packages(recursive) discover
[0.542s] INFO:colcon.colcon_core.package_discovery:Crawling recursively for packages in '/home/jingyan/handhold_radar_test'
[0.542s] Level 1:colcon.colcon_core.package_identification:_identify(.) by extensions ['ignore', 'ignore_ament_install']
[0.542s] Level 1:colcon.colcon_core.package_identification:_identify(.) by extension 'ignore'
[0.543s] Level 1:colcon.colcon_core.package_identification:_identify(.) by extension 'ignore_ament_install'
[0.543s] Level 1:colcon.colcon_core.package_identification:_identify(.) by extensions ['colcon_pkg']
[0.543s] Level 1:colcon.colcon_core.package_identification:_identify(.) by extension 'colcon_pkg'
[0.543s] Level 1:colcon.colcon_core.package_identification:_identify(.) by extensions ['colcon_meta']
[0.543s] Level 1:colcon.colcon_core.package_identification:_identify(.) by extension 'colcon_meta'
[0.543s] Level 1:colcon.colcon_core.package_identification:_identify(.) by extensions ['ros']
[0.543s] Level 1:colcon.colcon_core.package_identification:_identify(.) by extension 'ros'
[0.560s] Level 1:colcon.colcon_core.package_identification:_identify(.) by extensions ['cmake', 'python']
[0.560s] Level 1:colcon.colcon_core.package_identification:_identify(.) by extension 'cmake'
[0.560s] Level 1:colcon.colcon_core.package_identification:_identify(.) by extension 'python'
[0.560s] Level 1:colcon.colcon_core.package_identification:_identify(.) by extensions ['python_setup_py']
[0.560s] Level 1:colcon.colcon_core.package_identification:_identify(.) by extension 'python_setup_py'
[0.560s] Level 1:colcon.colcon_core.package_identification:_identify(build) by extensions ['ignore', 'ignore_ament_install']
[0.560s] Level 1:colcon.colcon_core.package_identification:_identify(build) by extension 'ignore'
[0.560s] Level 1:colcon.colcon_core.package_identification:_identify(build) ignored
[0.560s] Level 1:colcon.colcon_core.package_identification:_identify(install) by extensions ['ignore', 'ignore_ament_install']
[0.560s] Level 1:colcon.colcon_core.package_identification:_identify(install) by extension 'ignore'
[0.561s] Level 1:colcon.colcon_core.package_identification:_identify(install) ignored
[0.561s] Level 1:colcon.colcon_core.package_identification:_identify(log) by extensions ['ignore', 'ignore_ament_install']
[0.561s] Level 1:colcon.colcon_core.package_identification:_identify(log) by extension 'ignore'
[0.561s] Level 1:colcon.colcon_core.package_identification:_identify(log) ignored
[0.561s] Level 1:colcon.colcon_core.package_identification:_identify(src) by extensions ['ignore', 'ignore_ament_install']
[0.561s] Level 1:colcon.colcon_core.package_identification:_identify(src) by extension 'ignore'
[0.561s] Level 1:colcon.colcon_core.package_identification:_identify(src) by extension 'ignore_ament_install'
[0.561s] Level 1:colcon.colcon_core.package_identification:_identify(src) by extensions ['colcon_pkg']
[0.561s] Level 1:colcon.colcon_core.package_identification:_identify(src) by extension 'colcon_pkg'
[0.561s] Level 1:colcon.colcon_core.package_identification:_identify(src) by extensions ['colcon_meta']
[0.561s] Level 1:colcon.colcon_core.package_identification:_identify(src) by extension 'colcon_meta'
[0.561s] Level 1:colcon.colcon_core.package_identification:_identify(src) by extensions ['ros']
[0.561s] Level 1:colcon.colcon_core.package_identification:_identify(src) by extension 'ros'
[0.562s] Level 1:colcon.colcon_core.package_identification:_identify(src) by extensions ['cmake', 'python']
[0.562s] Level 1:colcon.colcon_core.package_identification:_identify(src) by extension 'cmake'
[0.562s] Level 1:colcon.colcon_core.package_identification:_identify(src) by extension 'python'
[0.562s] Level 1:colcon.colcon_core.package_identification:_identify(src) by extensions ['python_setup_py']
[0.562s] Level 1:colcon.colcon_core.package_identification:_identify(src) by extension 'python_setup_py'
[0.562s] Level 1:colcon.colcon_core.package_identification:_identify(src/iwr6843_pub) by extensions ['ignore', 'ignore_ament_install']
[0.562s] Level 1:colcon.colcon_core.package_identification:_identify(src/iwr6843_pub) by extension 'ignore'
[0.562s] Level 1:colcon.colcon_core.package_identification:_identify(src/iwr6843_pub) by extension 'ignore_ament_install'
[0.562s] Level 1:colcon.colcon_core.package_identification:_identify(src/iwr6843_pub) by extensions ['colcon_pkg']
[0.562s] Level 1:colcon.colcon_core.package_identification:_identify(src/iwr6843_pub) by extension 'colcon_pkg'
[0.562s] Level 1:colcon.colcon_core.package_identification:_identify(src/iwr6843_pub) by extensions ['colcon_meta']
[0.562s] Level 1:colcon.colcon_core.package_identification:_identify(src/iwr6843_pub) by extension 'colcon_meta'
[0.562s] Level 1:colcon.colcon_core.package_identification:_identify(src/iwr6843_pub) by extensions ['ros']
[0.562s] Level 1:colcon.colcon_core.package_identification:_identify(src/iwr6843_pub) by extension 'ros'
[0.565s] DEBUG:colcon.colcon_core.package_identification:Package 'src/iwr6843_pub' with type 'ros.ament_python' and name 'iwr6843_pub'
[0.566s] Level 1:colcon.colcon_core.package_identification:_identify(src/radar_cartographer) by extensions ['ignore', 'ignore_ament_install']
[0.566s] Level 1:colcon.colcon_core.package_identification:_identify(src/radar_cartographer) by extension 'ignore'
[0.566s] Level 1:colcon.colcon_core.package_identification:_identify(src/radar_cartographer) by extension 'ignore_ament_install'
[0.566s] Level 1:colcon.colcon_core.package_identification:_identify(src/radar_cartographer) by extensions ['colcon_pkg']
[0.566s] Level 1:colcon.colcon_core.package_identification:_identify(src/radar_cartographer) by extension 'colcon_pkg'
[0.566s] Level 1:colcon.colcon_core.package_identification:_identify(src/radar_cartographer) by extensions ['colcon_meta']
[0.566s] Level 1:colcon.colcon_core.package_identification:_identify(src/radar_cartographer) by extension 'colcon_meta'
[0.566s] Level 1:colcon.colcon_core.package_identification:_identify(src/radar_cartographer) by extensions ['ros']
[0.566s] Level 1:colcon.colcon_core.package_identification:_identify(src/radar_cartographer) by extension 'ros'
[0.567s] DEBUG:colcon.colcon_core.package_identification:Package 'src/radar_cartographer' with type 'ros.ament_cmake' and name 'radar_cartographer'
[0.567s] Level 1:colcon.colcon_core.package_discovery:discover_packages(recursive) using defaults
[0.567s] Level 1:colcon.colcon_core.package_discovery:discover_packages(ignore) discover
[0.567s] Level 1:colcon.colcon_core.package_discovery:discover_packages(ignore) using defaults
[0.567s] Level 1:colcon.colcon_core.package_discovery:discover_packages(path) discover
[0.567s] Level 1:colcon.colcon_core.package_discovery:discover_packages(path) using defaults
[0.597s] Level 1:colcon.colcon_core.package_discovery:discover_packages(prefix_path) check parameters
[0.597s] Level 1:colcon.colcon_core.package_discovery:discover_packages(prefix_path) discover
[0.600s] DEBUG:colcon.colcon_installed_package_information.package_discovery:Found 2 installed packages in /home/jingyan/handhold_radar_test/install
[0.602s] DEBUG:colcon.colcon_installed_package_information.package_discovery:Found 316 installed packages in /opt/ros/foxy
[0.605s] Level 1:colcon.colcon_core.package_discovery:discover_packages(prefix_path) using defaults
[0.960s] Level 5:colcon.colcon_core.verb:set package 'iwr6843_pub' build argument 'cmake_args' from command line to 'None'
[0.960s] Level 5:colcon.colcon_core.verb:set package 'iwr6843_pub' build argument 'cmake_target' from command line to 'None'
[0.960s] Level 5:colcon.colcon_core.verb:set package 'iwr6843_pub' build argument 'cmake_target_skip_unavailable' from command line to 'False'
[0.960s] Level 5:colcon.colcon_core.verb:set package 'iwr6843_pub' build argument 'cmake_clean_cache' from command line to 'False'
[0.960s] Level 5:colcon.colcon_core.verb:set package 'iwr6843_pub' build argument 'cmake_clean_first' from command line to 'False'
[0.960s] Level 5:colcon.colcon_core.verb:set package 'iwr6843_pub' build argument 'cmake_force_configure' from command line to 'False'
[0.960s] Level 5:colcon.colcon_core.verb:set package 'iwr6843_pub' build argument 'ament_cmake_args' from command line to 'None'
[0.960s] Level 5:colcon.colcon_core.verb:set package 'iwr6843_pub' build argument 'catkin_cmake_args' from command line to 'None'
[0.960s] Level 5:colcon.colcon_core.verb:set package 'iwr6843_pub' build argument 'catkin_skip_building_tests' from command line to 'False'
[0.960s] DEBUG:colcon.colcon_core.verb:Building package 'iwr6843_pub' with the following arguments: {'ament_cmake_args': None, 'build_base': '/home/jingyan/handhold_radar_test/build/iwr6843_pub', 'catkin_cmake_args': None, 'catkin_skip_building_tests': False, 'cmake_args': None, 'cmake_clean_cache': False, 'cmake_clean_first': False, 'cmake_force_configure': False, 'cmake_target': None, 'cmake_target_skip_unavailable': False, 'install_base': '/home/jingyan/handhold_radar_test/install/iwr6843_pub', 'merge_install': False, 'path': '/home/jingyan/handhold_radar_test/src/iwr6843_pub', 'symlink_install': False, 'test_result_base': None}
[0.961s] Level 5:colcon.colcon_core.verb:set package 'radar_cartographer' build argument 'cmake_args' from command line to 'None'
[0.961s] Level 5:colcon.colcon_core.verb:set package 'radar_cartographer' build argument 'cmake_target' from command line to 'None'
[0.962s] Level 5:colcon.colcon_core.verb:set package 'radar_cartographer' build argument 'cmake_target_skip_unavailable' from command line to 'False'
[0.962s] Level 5:colcon.colcon_core.verb:set package 'radar_cartographer' build argument 'cmake_clean_cache' from command line to 'False'
[0.962s] Level 5:colcon.colcon_core.verb:set package 'radar_cartographer' build argument 'cmake_clean_first' from command line to 'False'
[0.962s] Level 5:colcon.colcon_core.verb:set package 'radar_cartographer' build argument 'cmake_force_configure' from command line to 'False'
[0.962s] Level 5:colcon.colcon_core.verb:set package 'radar_cartographer' build argument 'ament_cmake_args' from command line to 'None'
[0.962s] Level 5:colcon.colcon_core.verb:set package 'radar_cartographer' build argument 'catkin_cmake_args' from command line to 'None'
[0.962s] Level 5:colcon.colcon_core.verb:set package 'radar_cartographer' build argument 'catkin_skip_building_tests' from command line to 'False'
[0.962s] DEBUG:colcon.colcon_core.verb:Building package 'radar_cartographer' with the following arguments: {'ament_cmake_args': None, 'build_base': '/home/jingyan/handhold_radar_test/build/radar_cartographer', 'catkin_cmake_args': None, 'catkin_skip_building_tests': False, 'cmake_args': None, 'cmake_clean_cache': False, 'cmake_clean_first': False, 'cmake_force_configure': False, 'cmake_target': None, 'cmake_target_skip_unavailable': False, 'install_base': '/home/jingyan/handhold_radar_test/install/radar_cartographer', 'merge_install': False, 'path': '/home/jingyan/handhold_radar_test/src/radar_cartographer', 'symlink_install': False, 'test_result_base': None}
[0.963s] INFO:colcon.colcon_core.executor:Executing jobs using 'parallel' executor
[0.969s] DEBUG:colcon.colcon_parallel_executor.executor.parallel:run_until_complete
[0.970s] INFO:colcon.colcon_ros.task.ament_python.build:Building ROS package in '/home/jingyan/handhold_radar_test/src/iwr6843_pub' with build type 'ament_python'
[0.970s] Level 1:colcon.colcon_core.shell:create_environment_hook('iwr6843_pub', 'ament_prefix_path')
[0.975s] INFO:colcon.colcon_core.plugin_system:Skipping extension 'colcon_core.shell.bat': Not used on non-Windows systems
[0.976s] INFO:colcon.colcon_core.shell:Creating environment hook '/home/jingyan/handhold_radar_test/install/iwr6843_pub/share/iwr6843_pub/hook/ament_prefix_path.ps1'
[0.977s] INFO:colcon.colcon_core.shell:Creating environment descriptor '/home/jingyan/handhold_radar_test/install/iwr6843_pub/share/iwr6843_pub/hook/ament_prefix_path.dsv'
[0.977s] INFO:colcon.colcon_core.shell:Creating environment hook '/home/jingyan/handhold_radar_test/install/iwr6843_pub/share/iwr6843_pub/hook/ament_prefix_path.sh'
[0.980s] INFO:colcon.colcon_core.shell:Skip shell extension 'powershell' for command environment: Not usable outside of PowerShell
[0.980s] DEBUG:colcon.colcon_core.shell:Skip shell extension 'dsv' for command environment
[0.991s] INFO:colcon.colcon_ros.task.ament_cmake.build:Building ROS package in '/home/jingyan/handhold_radar_test/src/radar_cartographer' with build type 'ament_cmake'
[0.992s] INFO:colcon.colcon_cmake.task.cmake.build:Building CMake package in '/home/jingyan/handhold_radar_test/src/radar_cartographer'
[0.994s] INFO:colcon.colcon_core.shell:Skip shell extension 'powershell' for command environment: Not usable outside of PowerShell
[0.995s] DEBUG:colcon.colcon_core.shell:Skip shell extension 'dsv' for command environment
[1.494s] INFO:colcon.colcon_core.task.python.build:Building Python package in '/home/jingyan/handhold_radar_test/src/iwr6843_pub'
[1.498s] INFO:colcon.colcon_core.shell:Skip shell extension 'powershell' for command environment: Not usable outside of PowerShell
[1.498s] DEBUG:colcon.colcon_core.shell:Skip shell extension 'dsv' for command environment
[1.521s] DEBUG:colcon.colcon_core.event_handler.log_command:Invoking command in '/home/jingyan/handhold_radar_test/build/radar_cartographer': CMAKE_PREFIX_PATH=${CMAKE_PREFIX_PATH}:/home/jingyan/handhold_radar_test/install/iwr6843_pub:/opt/ros/foxy /usr/bin/cmake --build /home/jingyan/handhold_radar_test/build/radar_cartographer -- -j16 -l16
[1.584s] DEBUG:colcon.colcon_core.event_handler.log_command:Invoked command in '/home/jingyan/handhold_radar_test/build/radar_cartographer' returned '0': CMAKE_PREFIX_PATH=${CMAKE_PREFIX_PATH}:/home/jingyan/handhold_radar_test/install/iwr6843_pub:/opt/ros/foxy /usr/bin/cmake --build /home/jingyan/handhold_radar_test/build/radar_cartographer -- -j16 -l16
[1.646s] DEBUG:colcon.colcon_core.event_handler.log_command:Invoking command in '/home/jingyan/handhold_radar_test/build/radar_cartographer': CMAKE_PREFIX_PATH=${CMAKE_PREFIX_PATH}:/home/jingyan/handhold_radar_test/install/iwr6843_pub:/opt/ros/foxy /usr/bin/cmake --install /home/jingyan/handhold_radar_test/build/radar_cartographer
[1.663s] Level 1:colcon.colcon_core.environment:create_environment_scripts_only(radar_cartographer)
[1.664s] DEBUG:colcon.colcon_core.event_handler.log_command:Invoked command in '/home/jingyan/handhold_radar_test/build/radar_cartographer' returned '0': CMAKE_PREFIX_PATH=${CMAKE_PREFIX_PATH}:/home/jingyan/handhold_radar_test/install/iwr6843_pub:/opt/ros/foxy /usr/bin/cmake --install /home/jingyan/handhold_radar_test/build/radar_cartographer
[1.671s] Level 1:colcon.colcon_core.environment:checking '/home/jingyan/handhold_radar_test/install/radar_cartographer' for CMake module files
[1.672s] Level 1:colcon.colcon_core.environment:checking '/home/jingyan/handhold_radar_test/install/radar_cartographer' for CMake config files
[1.673s] Level 1:colcon.colcon_core.shell:create_environment_hook('radar_cartographer', 'cmake_prefix_path')
[1.675s] INFO:colcon.colcon_core.shell:Creating environment hook '/home/jingyan/handhold_radar_test/install/radar_cartographer/share/radar_cartographer/hook/cmake_prefix_path.ps1'
[1.675s] INFO:colcon.colcon_core.shell:Creating environment descriptor '/home/jingyan/handhold_radar_test/install/radar_cartographer/share/radar_cartographer/hook/cmake_prefix_path.dsv'
[1.676s] INFO:colcon.colcon_core.shell:Creating environment hook '/home/jingyan/handhold_radar_test/install/radar_cartographer/share/radar_cartographer/hook/cmake_prefix_path.sh'
[1.677s] Level 1:colcon.colcon_core.environment:checking '/home/jingyan/handhold_radar_test/install/radar_cartographer/bin'
[1.677s] Level 1:colcon.colcon_core.environment:checking '/home/jingyan/handhold_radar_test/install/radar_cartographer/lib/pkgconfig/radar_cartographer.pc'
[1.677s] Level 1:colcon.colcon_core.environment:checking '/home/jingyan/handhold_radar_test/install/radar_cartographer/lib/python3.8/site-packages'
[1.677s] Level 1:colcon.colcon_core.environment:checking '/home/jingyan/handhold_radar_test/install/radar_cartographer/bin'
[1.679s] INFO:colcon.colcon_core.shell:Creating package script '/home/jingyan/handhold_radar_test/install/radar_cartographer/share/radar_cartographer/package.ps1'
[1.681s] INFO:colcon.colcon_core.shell:Creating package descriptor '/home/jingyan/handhold_radar_test/install/radar_cartographer/share/radar_cartographer/package.dsv'
[1.681s] INFO:colcon.colcon_core.shell:Creating package script '/home/jingyan/handhold_radar_test/install/radar_cartographer/share/radar_cartographer/package.sh'
[1.682s] INFO:colcon.colcon_core.shell:Creating package script '/home/jingyan/handhold_radar_test/install/radar_cartographer/share/radar_cartographer/package.bash'
[1.684s] INFO:colcon.colcon_core.shell:Creating package script '/home/jingyan/handhold_radar_test/install/radar_cartographer/share/radar_cartographer/package.zsh'
[1.684s] Level 1:colcon.colcon_core.environment:create_file_with_runtime_dependencies(/home/jingyan/handhold_radar_test/install/radar_cartographer/share/colcon-core/packages/radar_cartographer)
[1.727s] Level 1:colcon.colcon_core.environment:create_environment_scripts_only(radar_cartographer)
[1.731s] Level 1:colcon.colcon_core.environment:checking '/home/jingyan/handhold_radar_test/install/radar_cartographer' for CMake module files
[1.732s] Level 1:colcon.colcon_core.environment:checking '/home/jingyan/handhold_radar_test/install/radar_cartographer' for CMake config files
[1.733s] Level 1:colcon.colcon_core.shell:create_environment_hook('radar_cartographer', 'cmake_prefix_path')
[1.735s] INFO:colcon.colcon_core.shell:Creating environment hook '/home/jingyan/handhold_radar_test/install/radar_cartographer/share/radar_cartographer/hook/cmake_prefix_path.ps1'
[1.736s] INFO:colcon.colcon_core.shell:Creating environment descriptor '/home/jingyan/handhold_radar_test/install/radar_cartographer/share/radar_cartographer/hook/cmake_prefix_path.dsv'
[1.736s] INFO:colcon.colcon_core.shell:Creating environment hook '/home/jingyan/handhold_radar_test/install/radar_cartographer/share/radar_cartographer/hook/cmake_prefix_path.sh'
[1.737s] Level 1:colcon.colcon_core.environment:checking '/home/jingyan/handhold_radar_test/install/radar_cartographer/bin'
[1.737s] Level 1:colcon.colcon_core.environment:checking '/home/jingyan/handhold_radar_test/install/radar_cartographer/lib/pkgconfig/radar_cartographer.pc'
[1.737s] Level 1:colcon.colcon_core.environment:checking '/home/jingyan/handhold_radar_test/install/radar_cartographer/lib/python3.8/site-packages'
[1.737s] Level 1:colcon.colcon_core.environment:checking '/home/jingyan/handhold_radar_test/install/radar_cartographer/bin'
[1.740s] INFO:colcon.colcon_core.shell:Creating package script '/home/jingyan/handhold_radar_test/install/radar_cartographer/share/radar_cartographer/package.ps1'
[1.740s] INFO:colcon.colcon_core.shell:Creating package descriptor '/home/jingyan/handhold_radar_test/install/radar_cartographer/share/radar_cartographer/package.dsv'
[1.741s] INFO:colcon.colcon_core.shell:Creating package script '/home/jingyan/handhold_radar_test/install/radar_cartographer/share/radar_cartographer/package.sh'
[1.741s] INFO:colcon.colcon_core.shell:Creating package script '/home/jingyan/handhold_radar_test/install/radar_cartographer/share/radar_cartographer/package.bash'
[1.742s] INFO:colcon.colcon_core.shell:Creating package script '/home/jingyan/handhold_radar_test/install/radar_cartographer/share/radar_cartographer/package.zsh'
[1.742s] Level 1:colcon.colcon_core.environment:create_file_with_runtime_dependencies(/home/jingyan/handhold_radar_test/install/radar_cartographer/share/colcon-core/packages/radar_cartographer)
[2.258s] DEBUG:colcon.colcon_core.event_handler.log_command:Invoking command in '/home/jingyan/handhold_radar_test/src/iwr6843_pub': PYTHONPATH=/home/jingyan/handhold_radar_test/install/iwr6843_pub/lib/python3.8/site-packages:${PYTHONPATH} /usr/bin/python3 setup.py egg_info --egg-base ../../build/iwr6843_pub build --build-base /home/jingyan/handhold_radar_test/build/iwr6843_pub/build install --prefix /home/jingyan/handhold_radar_test/install/iwr6843_pub --record /home/jingyan/handhold_radar_test/build/iwr6843_pub/install.log --single-version-externally-managed
[2.910s] Level 1:colcon.colcon_core.environment:checking '/home/jingyan/handhold_radar_test/install/iwr6843_pub' for CMake module files
[2.911s] DEBUG:colcon.colcon_core.event_handler.log_command:Invoked command in '/home/jingyan/handhold_radar_test/src/iwr6843_pub' returned '0': PYTHONPATH=/home/jingyan/handhold_radar_test/install/iwr6843_pub/lib/python3.8/site-packages:${PYTHONPATH} /usr/bin/python3 setup.py egg_info --egg-base ../../build/iwr6843_pub build --build-base /home/jingyan/handhold_radar_test/build/iwr6843_pub/build install --prefix /home/jingyan/handhold_radar_test/install/iwr6843_pub --record /home/jingyan/handhold_radar_test/build/iwr6843_pub/install.log --single-version-externally-managed
[2.911s] Level 1:colcon.colcon_core.environment:checking '/home/jingyan/handhold_radar_test/install/iwr6843_pub' for CMake config files
[2.912s] Level 1:colcon.colcon_core.environment:checking '/home/jingyan/handhold_radar_test/install/iwr6843_pub/lib'
[2.912s] Level 1:colcon.colcon_core.environment:checking '/home/jingyan/handhold_radar_test/install/iwr6843_pub/bin'
[2.912s] Level 1:colcon.colcon_core.environment:checking '/home/jingyan/handhold_radar_test/install/iwr6843_pub/lib/pkgconfig/iwr6843_pub.pc'
[2.912s] Level 1:colcon.colcon_core.environment:checking '/home/jingyan/handhold_radar_test/install/iwr6843_pub/lib/python3.8/site-packages'
[2.913s] Level 1:colcon.colcon_core.shell:create_environment_hook('iwr6843_pub', 'pythonpath')
[2.914s] INFO:colcon.colcon_core.shell:Creating environment hook '/home/jingyan/handhold_radar_test/install/iwr6843_pub/share/iwr6843_pub/hook/pythonpath.ps1'
[2.915s] INFO:colcon.colcon_core.shell:Creating environment descriptor '/home/jingyan/handhold_radar_test/install/iwr6843_pub/share/iwr6843_pub/hook/pythonpath.dsv'
[2.915s] INFO:colcon.colcon_core.shell:Creating environment hook '/home/jingyan/handhold_radar_test/install/iwr6843_pub/share/iwr6843_pub/hook/pythonpath.sh'
[2.916s] Level 1:colcon.colcon_core.environment:checking '/home/jingyan/handhold_radar_test/install/iwr6843_pub/bin'
[2.916s] Level 1:colcon.colcon_core.environment:create_environment_scripts_only(iwr6843_pub)
[2.918s] INFO:colcon.colcon_core.shell:Creating package script '/home/jingyan/handhold_radar_test/install/iwr6843_pub/share/iwr6843_pub/package.ps1'
[2.918s] INFO:colcon.colcon_core.shell:Creating package descriptor '/home/jingyan/handhold_radar_test/install/iwr6843_pub/share/iwr6843_pub/package.dsv'
[2.919s] INFO:colcon.colcon_core.shell:Creating package script '/home/jingyan/handhold_radar_test/install/iwr6843_pub/share/iwr6843_pub/package.sh'
[2.919s] INFO:colcon.colcon_core.shell:Creating package script '/home/jingyan/handhold_radar_test/install/iwr6843_pub/share/iwr6843_pub/package.bash'
[2.920s] INFO:colcon.colcon_core.shell:Creating package script '/home/jingyan/handhold_radar_test/install/iwr6843_pub/share/iwr6843_pub/package.zsh'
[2.920s] Level 1:colcon.colcon_core.environment:create_file_with_runtime_dependencies(/home/jingyan/handhold_radar_test/install/iwr6843_pub/share/colcon-core/packages/iwr6843_pub)
[2.920s] DEBUG:colcon.colcon_parallel_executor.executor.parallel:closing loop
[2.920s] DEBUG:colcon.colcon_parallel_executor.executor.parallel:loop closed
[2.920s] DEBUG:colcon.colcon_parallel_executor.executor.parallel:run_until_complete finished with '0'
[2.920s] DEBUG:colcon.colcon_core.event_reactor:joining thread
[2.929s] INFO:colcon.colcon_core.plugin_system:Skipping extension 'colcon_notification.desktop_notification.terminal_notifier': Not used on non-Darwin systems
[2.929s] INFO:colcon.colcon_core.plugin_system:Skipping extension 'colcon_notification.desktop_notification.win32': Not used on non-Windows systems
[2.929s] INFO:colcon.colcon_notification.desktop_notification:Sending desktop notification using 'notify2'
[2.952s] DEBUG:colcon.colcon_core.event_reactor:joined thread
[2.955s] INFO:colcon.colcon_core.shell:Creating prefix script '/home/jingyan/handhold_radar_test/install/local_setup.ps1'
[2.957s] INFO:colcon.colcon_core.shell:Creating prefix util module '/home/jingyan/handhold_radar_test/install/_local_setup_util_ps1.py'
[2.959s] INFO:colcon.colcon_core.shell:Creating prefix chain script '/home/jingyan/handhold_radar_test/install/setup.ps1'
[2.962s] INFO:colcon.colcon_core.shell:Creating prefix script '/home/jingyan/handhold_radar_test/install/local_setup.sh'
[2.962s] INFO:colcon.colcon_core.shell:Creating prefix util module '/home/jingyan/handhold_radar_test/install/_local_setup_util_sh.py'
[2.963s] INFO:colcon.colcon_core.shell:Creating prefix chain script '/home/jingyan/handhold_radar_test/install/setup.sh'
[2.966s] INFO:colcon.colcon_core.shell:Creating prefix script '/home/jingyan/handhold_radar_test/install/local_setup.bash'
[2.967s] INFO:colcon.colcon_core.shell:Creating prefix chain script '/home/jingyan/handhold_radar_test/install/setup.bash'
[2.969s] INFO:colcon.colcon_core.shell:Creating prefix script '/home/jingyan/handhold_radar_test/install/local_setup.zsh'
[2.970s] INFO:colcon.colcon_core.shell:Creating prefix chain script '/home/jingyan/handhold_radar_test/install/setup.zsh'
