[0.943s] Invoking command in '/home/jingyan/handhold_radar_test/src/iwr6843aop_pub-main': PYTHONPATH=/home/jingyan/handhold_radar_test/install/iwr6843aop_pub/lib/python3.8/site-packages:${PYTHONPATH} /usr/bin/python3 setup.py egg_info --egg-base ../../build/iwr6843aop_pub build --build-base /home/jingyan/handhold_radar_test/build/iwr6843aop_pub/build install --prefix /home/jingyan/handhold_radar_test/install/iwr6843aop_pub --record /home/jingyan/handhold_radar_test/build/iwr6843aop_pub/install.log --single-version-externally-managed
[1.138s] /usr/local/lib/python3.8/dist-packages/setuptools/dist.py:771: UserWarning: Usage of dash-separated 'script-dir' will not be supported in future versions. Please use the underscore name 'script_dir' instead
[1.138s]   warnings.warn(
[1.138s] /usr/local/lib/python3.8/dist-packages/setuptools/dist.py:771: UserWarning: Usage of dash-separated 'install-scripts' will not be supported in future versions. Please use the underscore name 'install_scripts' instead
[1.138s]   warnings.warn(
[1.197s] running egg_info
[1.197s] creating ../../build/iwr6843aop_pub/iwr6843aop_pub.egg-info
[1.213s] writing ../../build/iwr6843aop_pub/iwr6843aop_pub.egg-info/PKG-INFO
[1.213s] writing dependency_links to ../../build/iwr6843aop_pub/iwr6843aop_pub.egg-info/dependency_links.txt
[1.214s] writing entry points to ../../build/iwr6843aop_pub/iwr6843aop_pub.egg-info/entry_points.txt
[1.214s] writing requirements to ../../build/iwr6843aop_pub/iwr6843aop_pub.egg-info/requires.txt
[1.214s] writing top-level names to ../../build/iwr6843aop_pub/iwr6843aop_pub.egg-info/top_level.txt
[1.217s] writing manifest file '../../build/iwr6843aop_pub/iwr6843aop_pub.egg-info/SOURCES.txt'
[1.233s] reading manifest file '../../build/iwr6843aop_pub/iwr6843aop_pub.egg-info/SOURCES.txt'
[1.234s] writing manifest file '../../build/iwr6843aop_pub/iwr6843aop_pub.egg-info/SOURCES.txt'
[1.234s] running build
[1.235s] running build_py
[1.235s] creating /home/jingyan/handhold_radar_test/build/iwr6843aop_pub/build
[1.235s] creating /home/jingyan/handhold_radar_test/build/iwr6843aop_pub/build/lib
[1.235s] creating /home/jingyan/handhold_radar_test/build/iwr6843aop_pub/build/lib/iwr6843aop_pub
[1.235s] copying iwr6843aop_pub/__init__.py -> /home/jingyan/handhold_radar_test/build/iwr6843aop_pub/build/lib/iwr6843aop_pub
[1.235s] copying iwr6843aop_pub/publisher_member_function.py -> /home/jingyan/handhold_radar_test/build/iwr6843aop_pub/build/lib/iwr6843aop_pub
[1.236s] /usr/local/lib/python3.8/dist-packages/setuptools/command/install.py:34: SetuptoolsDeprecationWarning: setup.py install is deprecated. Use build and pip and other standards-based tools.
[1.236s]   warnings.warn(
[1.236s] running install
[1.239s] running install_lib
[1.247s] creating /home/jingyan/handhold_radar_test/install/iwr6843aop_pub/lib/python3.8/site-packages/iwr6843aop_pub
[1.247s] copying /home/jingyan/handhold_radar_test/build/iwr6843aop_pub/build/lib/iwr6843aop_pub/__init__.py -> /home/jingyan/handhold_radar_test/install/iwr6843aop_pub/lib/python3.8/site-packages/iwr6843aop_pub
[1.248s] copying /home/jingyan/handhold_radar_test/build/iwr6843aop_pub/build/lib/iwr6843aop_pub/publisher_member_function.py -> /home/jingyan/handhold_radar_test/install/iwr6843aop_pub/lib/python3.8/site-packages/iwr6843aop_pub
[1.248s] byte-compiling /home/jingyan/handhold_radar_test/install/iwr6843aop_pub/lib/python3.8/site-packages/iwr6843aop_pub/__init__.py to __init__.cpython-38.pyc
[1.248s] byte-compiling /home/jingyan/handhold_radar_test/install/iwr6843aop_pub/lib/python3.8/site-packages/iwr6843aop_pub/publisher_member_function.py to publisher_member_function.cpython-38.pyc
[1.249s] running install_data
[1.258s] creating /home/jingyan/handhold_radar_test/install/iwr6843aop_pub/share/ament_index
[1.258s] creating /home/jingyan/handhold_radar_test/install/iwr6843aop_pub/share/ament_index/resource_index
[1.258s] creating /home/jingyan/handhold_radar_test/install/iwr6843aop_pub/share/ament_index/resource_index/packages
[1.258s] copying resource/iwr6843aop_pub -> /home/jingyan/handhold_radar_test/install/iwr6843aop_pub/share/ament_index/resource_index/packages
[1.258s] copying package.xml -> /home/jingyan/handhold_radar_test/install/iwr6843aop_pub/share/iwr6843aop_pub
[1.258s] running install_egg_info
[1.267s] Copying ../../build/iwr6843aop_pub/iwr6843aop_pub.egg-info to /home/jingyan/handhold_radar_test/install/iwr6843aop_pub/lib/python3.8/site-packages/iwr6843aop_pub-0.0.0-py3.8.egg-info
[1.267s] running install_scripts
[1.312s] Installing pcl_pub script to /home/jingyan/handhold_radar_test/install/iwr6843aop_pub/lib/iwr6843aop_pub
[1.312s] writing list of installed files to '/home/jingyan/handhold_radar_test/build/iwr6843aop_pub/install.log'
[1.356s] Invoked command in '/home/jingyan/handhold_radar_test/src/iwr6843aop_pub-main' returned '0': PYTHONPATH=/home/jingyan/handhold_radar_test/install/iwr6843aop_pub/lib/python3.8/site-packages:${PYTHONPATH} /usr/bin/python3 setup.py egg_info --egg-base ../../build/iwr6843aop_pub build --build-base /home/jingyan/handhold_radar_test/build/iwr6843aop_pub/build install --prefix /home/jingyan/handhold_radar_test/install/iwr6843aop_pub --record /home/jingyan/handhold_radar_test/build/iwr6843aop_pub/install.log --single-version-externally-managed
