[0.190s] DEBUG:colcon:Command line arguments: ['/usr/bin/colcon', 'build']
[0.190s] DEBUG:colcon:Parsed command line arguments: Namespace(allow_overriding=[], ament_cmake_args=None, base_paths=['.'], build_base='build', catkin_cmake_args=None, catkin_skip_building_tests=False, cmake_args=None, cmake_clean_cache=False, cmake_clean_first=False, cmake_force_configure=False, cmake_target=None, cmake_target_skip_unavailable=False, continue_on_error=False, event_handlers=None, executor='parallel', ignore_user_meta=False, install_base='install', log_base=None, log_level=None, main=<bound method BuildVerb.main of <colcon_core.verb.build.BuildVerb object at 0x7f11642d7520>>, merge_install=False, metas=['./colcon.meta'], packages_above=None, packages_above_and_dependencies=None, packages_above_depth=None, packages_end=None, packages_ignore=None, packages_ignore_regex=None, packages_select=None, packages_select_build_failed=False, packages_select_by_dep=None, packages_select_regex=None, packages_select_test_failures=False, packages_skip=None, packages_skip_build_finished=False, packages_skip_by_dep=None, packages_skip_regex=None, packages_skip_test_passed=False, packages_skip_up_to=None, packages_start=None, packages_up_to=None, packages_up_to_regex=None, parallel_workers=16, paths=None, symlink_install=False, test_result_base=None, verb_extension=<colcon_core.verb.build.BuildVerb object at 0x7f11642d7520>, verb_name='build', verb_parser=<colcon_defaults.argument_parser.defaults.DefaultArgumentsDecorator object at 0x7f11642d7a60>)
[0.237s] Level 1:colcon.colcon_core.package_discovery:discover_packages(colcon_meta) check parameters
[0.237s] Level 1:colcon.colcon_core.package_discovery:discover_packages(recursive) check parameters
[0.237s] Level 1:colcon.colcon_core.package_discovery:discover_packages(ignore) check parameters
[0.237s] Level 1:colcon.colcon_core.package_discovery:discover_packages(path) check parameters
[0.237s] Level 1:colcon.colcon_core.package_discovery:discover_packages(colcon_meta) discover
[0.237s] Level 1:colcon.colcon_core.package_discovery:discover_packages(recursive) discover
[0.238s] INFO:colcon.colcon_core.package_discovery:Crawling recursively for packages in '/home/jingyan/handhold_radar_test'
[0.238s] Level 1:colcon.colcon_core.package_identification:_identify(.) by extensions ['ignore', 'ignore_ament_install']
[0.238s] Level 1:colcon.colcon_core.package_identification:_identify(.) by extension 'ignore'
[0.238s] Level 1:colcon.colcon_core.package_identification:_identify(.) by extension 'ignore_ament_install'
[0.238s] Level 1:colcon.colcon_core.package_identification:_identify(.) by extensions ['colcon_pkg']
[0.238s] Level 1:colcon.colcon_core.package_identification:_identify(.) by extension 'colcon_pkg'
[0.238s] Level 1:colcon.colcon_core.package_identification:_identify(.) by extensions ['colcon_meta']
[0.238s] Level 1:colcon.colcon_core.package_identification:_identify(.) by extension 'colcon_meta'
[0.238s] Level 1:colcon.colcon_core.package_identification:_identify(.) by extensions ['ros']
[0.238s] Level 1:colcon.colcon_core.package_identification:_identify(.) by extension 'ros'
[0.260s] Level 1:colcon.colcon_core.package_identification:_identify(.) by extensions ['cmake', 'python']
[0.260s] Level 1:colcon.colcon_core.package_identification:_identify(.) by extension 'cmake'
[0.260s] Level 1:colcon.colcon_core.package_identification:_identify(.) by extension 'python'
[0.260s] Level 1:colcon.colcon_core.package_identification:_identify(.) by extensions ['python_setup_py']
[0.260s] Level 1:colcon.colcon_core.package_identification:_identify(.) by extension 'python_setup_py'
[0.260s] Level 1:colcon.colcon_core.package_identification:_identify(build) by extensions ['ignore', 'ignore_ament_install']
[0.260s] Level 1:colcon.colcon_core.package_identification:_identify(build) by extension 'ignore'
[0.260s] Level 1:colcon.colcon_core.package_identification:_identify(build) ignored
[0.260s] Level 1:colcon.colcon_core.package_identification:_identify(install) by extensions ['ignore', 'ignore_ament_install']
[0.260s] Level 1:colcon.colcon_core.package_identification:_identify(install) by extension 'ignore'
[0.260s] Level 1:colcon.colcon_core.package_identification:_identify(install) ignored
[0.260s] Level 1:colcon.colcon_core.package_identification:_identify(log) by extensions ['ignore', 'ignore_ament_install']
[0.260s] Level 1:colcon.colcon_core.package_identification:_identify(log) by extension 'ignore'
[0.260s] Level 1:colcon.colcon_core.package_identification:_identify(log) ignored
[0.260s] Level 1:colcon.colcon_core.package_identification:_identify(src) by extensions ['ignore', 'ignore_ament_install']
[0.260s] Level 1:colcon.colcon_core.package_identification:_identify(src) by extension 'ignore'
[0.260s] Level 1:colcon.colcon_core.package_identification:_identify(src) by extension 'ignore_ament_install'
[0.260s] Level 1:colcon.colcon_core.package_identification:_identify(src) by extensions ['colcon_pkg']
[0.260s] Level 1:colcon.colcon_core.package_identification:_identify(src) by extension 'colcon_pkg'
[0.260s] Level 1:colcon.colcon_core.package_identification:_identify(src) by extensions ['colcon_meta']
[0.261s] Level 1:colcon.colcon_core.package_identification:_identify(src) by extension 'colcon_meta'
[0.261s] Level 1:colcon.colcon_core.package_identification:_identify(src) by extensions ['ros']
[0.261s] Level 1:colcon.colcon_core.package_identification:_identify(src) by extension 'ros'
[0.261s] Level 1:colcon.colcon_core.package_identification:_identify(src) by extensions ['cmake', 'python']
[0.261s] Level 1:colcon.colcon_core.package_identification:_identify(src) by extension 'cmake'
[0.261s] Level 1:colcon.colcon_core.package_identification:_identify(src) by extension 'python'
[0.261s] Level 1:colcon.colcon_core.package_identification:_identify(src) by extensions ['python_setup_py']
[0.261s] Level 1:colcon.colcon_core.package_identification:_identify(src) by extension 'python_setup_py'
[0.261s] Level 1:colcon.colcon_core.package_identification:_identify(src/iwr6843_pub) by extensions ['ignore', 'ignore_ament_install']
[0.261s] Level 1:colcon.colcon_core.package_identification:_identify(src/iwr6843_pub) by extension 'ignore'
[0.261s] Level 1:colcon.colcon_core.package_identification:_identify(src/iwr6843_pub) by extension 'ignore_ament_install'
[0.261s] Level 1:colcon.colcon_core.package_identification:_identify(src/iwr6843_pub) by extensions ['colcon_pkg']
[0.261s] Level 1:colcon.colcon_core.package_identification:_identify(src/iwr6843_pub) by extension 'colcon_pkg'
[0.261s] Level 1:colcon.colcon_core.package_identification:_identify(src/iwr6843_pub) by extensions ['colcon_meta']
[0.261s] Level 1:colcon.colcon_core.package_identification:_identify(src/iwr6843_pub) by extension 'colcon_meta'
[0.261s] Level 1:colcon.colcon_core.package_identification:_identify(src/iwr6843_pub) by extensions ['ros']
[0.261s] Level 1:colcon.colcon_core.package_identification:_identify(src/iwr6843_pub) by extension 'ros'
[0.264s] DEBUG:colcon.colcon_core.package_identification:Package 'src/iwr6843_pub' with type 'ros.ament_python' and name 'iwr6843_pub'
[0.265s] Level 1:colcon.colcon_core.package_identification:_identify(src/radar_cartographer) by extensions ['ignore', 'ignore_ament_install']
[0.265s] Level 1:colcon.colcon_core.package_identification:_identify(src/radar_cartographer) by extension 'ignore'
[0.265s] Level 1:colcon.colcon_core.package_identification:_identify(src/radar_cartographer) by extension 'ignore_ament_install'
[0.265s] Level 1:colcon.colcon_core.package_identification:_identify(src/radar_cartographer) by extensions ['colcon_pkg']
[0.265s] Level 1:colcon.colcon_core.package_identification:_identify(src/radar_cartographer) by extension 'colcon_pkg'
[0.265s] Level 1:colcon.colcon_core.package_identification:_identify(src/radar_cartographer) by extensions ['colcon_meta']
[0.265s] Level 1:colcon.colcon_core.package_identification:_identify(src/radar_cartographer) by extension 'colcon_meta'
[0.265s] Level 1:colcon.colcon_core.package_identification:_identify(src/radar_cartographer) by extensions ['ros']
[0.265s] Level 1:colcon.colcon_core.package_identification:_identify(src/radar_cartographer) by extension 'ros'
[0.266s] DEBUG:colcon.colcon_core.package_identification:Package 'src/radar_cartographer' with type 'ros.ament_cmake' and name 'radar_cartographer'
[0.266s] Level 1:colcon.colcon_core.package_discovery:discover_packages(recursive) using defaults
[0.266s] Level 1:colcon.colcon_core.package_discovery:discover_packages(ignore) discover
[0.266s] Level 1:colcon.colcon_core.package_discovery:discover_packages(ignore) using defaults
[0.266s] Level 1:colcon.colcon_core.package_discovery:discover_packages(path) discover
[0.266s] Level 1:colcon.colcon_core.package_discovery:discover_packages(path) using defaults
[0.295s] Level 1:colcon.colcon_core.package_discovery:discover_packages(prefix_path) check parameters
[0.295s] Level 1:colcon.colcon_core.package_discovery:discover_packages(prefix_path) discover
[0.299s] DEBUG:colcon.colcon_installed_package_information.package_discovery:Found 316 installed packages in /opt/ros/foxy
[0.300s] Level 1:colcon.colcon_core.package_discovery:discover_packages(prefix_path) using defaults
[0.390s] Level 5:colcon.colcon_core.verb:set package 'iwr6843_pub' build argument 'cmake_args' from command line to 'None'
[0.390s] Level 5:colcon.colcon_core.verb:set package 'iwr6843_pub' build argument 'cmake_target' from command line to 'None'
[0.390s] Level 5:colcon.colcon_core.verb:set package 'iwr6843_pub' build argument 'cmake_target_skip_unavailable' from command line to 'False'
[0.390s] Level 5:colcon.colcon_core.verb:set package 'iwr6843_pub' build argument 'cmake_clean_cache' from command line to 'False'
[0.390s] Level 5:colcon.colcon_core.verb:set package 'iwr6843_pub' build argument 'cmake_clean_first' from command line to 'False'
[0.390s] Level 5:colcon.colcon_core.verb:set package 'iwr6843_pub' build argument 'cmake_force_configure' from command line to 'False'
[0.390s] Level 5:colcon.colcon_core.verb:set package 'iwr6843_pub' build argument 'ament_cmake_args' from command line to 'None'
[0.390s] Level 5:colcon.colcon_core.verb:set package 'iwr6843_pub' build argument 'catkin_cmake_args' from command line to 'None'
[0.390s] Level 5:colcon.colcon_core.verb:set package 'iwr6843_pub' build argument 'catkin_skip_building_tests' from command line to 'False'
[0.390s] DEBUG:colcon.colcon_core.verb:Building package 'iwr6843_pub' with the following arguments: {'ament_cmake_args': None, 'build_base': '/home/jingyan/handhold_radar_test/build/iwr6843_pub', 'catkin_cmake_args': None, 'catkin_skip_building_tests': False, 'cmake_args': None, 'cmake_clean_cache': False, 'cmake_clean_first': False, 'cmake_force_configure': False, 'cmake_target': None, 'cmake_target_skip_unavailable': False, 'install_base': '/home/jingyan/handhold_radar_test/install/iwr6843_pub', 'merge_install': False, 'path': '/home/jingyan/handhold_radar_test/src/iwr6843_pub', 'symlink_install': False, 'test_result_base': None}
[0.391s] Level 5:colcon.colcon_core.verb:set package 'radar_cartographer' build argument 'cmake_args' from command line to 'None'
[0.391s] Level 5:colcon.colcon_core.verb:set package 'radar_cartographer' build argument 'cmake_target' from command line to 'None'
[0.391s] Level 5:colcon.colcon_core.verb:set package 'radar_cartographer' build argument 'cmake_target_skip_unavailable' from command line to 'False'
[0.391s] Level 5:colcon.colcon_core.verb:set package 'radar_cartographer' build argument 'cmake_clean_cache' from command line to 'False'
[0.391s] Level 5:colcon.colcon_core.verb:set package 'radar_cartographer' build argument 'cmake_clean_first' from command line to 'False'
[0.391s] Level 5:colcon.colcon_core.verb:set package 'radar_cartographer' build argument 'cmake_force_configure' from command line to 'False'
[0.391s] Level 5:colcon.colcon_core.verb:set package 'radar_cartographer' build argument 'ament_cmake_args' from command line to 'None'
[0.391s] Level 5:colcon.colcon_core.verb:set package 'radar_cartographer' build argument 'catkin_cmake_args' from command line to 'None'
[0.391s] Level 5:colcon.colcon_core.verb:set package 'radar_cartographer' build argument 'catkin_skip_building_tests' from command line to 'False'
[0.391s] DEBUG:colcon.colcon_core.verb:Building package 'radar_cartographer' with the following arguments: {'ament_cmake_args': None, 'build_base': '/home/jingyan/handhold_radar_test/build/radar_cartographer', 'catkin_cmake_args': None, 'catkin_skip_building_tests': False, 'cmake_args': None, 'cmake_clean_cache': False, 'cmake_clean_first': False, 'cmake_force_configure': False, 'cmake_target': None, 'cmake_target_skip_unavailable': False, 'install_base': '/home/jingyan/handhold_radar_test/install/radar_cartographer', 'merge_install': False, 'path': '/home/jingyan/handhold_radar_test/src/radar_cartographer', 'symlink_install': False, 'test_result_base': None}
[0.392s] INFO:colcon.colcon_core.executor:Executing jobs using 'parallel' executor
[0.395s] DEBUG:colcon.colcon_parallel_executor.executor.parallel:run_until_complete
[0.396s] INFO:colcon.colcon_ros.task.ament_python.build:Building ROS package in '/home/jingyan/handhold_radar_test/src/iwr6843_pub' with build type 'ament_python'
[0.396s] Level 1:colcon.colcon_core.shell:create_environment_hook('iwr6843_pub', 'ament_prefix_path')
[0.402s] INFO:colcon.colcon_core.plugin_system:Skipping extension 'colcon_core.shell.bat': Not used on non-Windows systems
[0.402s] INFO:colcon.colcon_core.shell:Creating environment hook '/home/jingyan/handhold_radar_test/install/iwr6843_pub/share/iwr6843_pub/hook/ament_prefix_path.ps1'
[0.403s] INFO:colcon.colcon_core.shell:Creating environment descriptor '/home/jingyan/handhold_radar_test/install/iwr6843_pub/share/iwr6843_pub/hook/ament_prefix_path.dsv'
[0.404s] INFO:colcon.colcon_core.shell:Creating environment hook '/home/jingyan/handhold_radar_test/install/iwr6843_pub/share/iwr6843_pub/hook/ament_prefix_path.sh'
[0.405s] INFO:colcon.colcon_core.shell:Skip shell extension 'powershell' for command environment: Not usable outside of PowerShell
[0.405s] DEBUG:colcon.colcon_core.shell:Skip shell extension 'dsv' for command environment
[0.411s] INFO:colcon.colcon_ros.task.ament_cmake.build:Building ROS package in '/home/jingyan/handhold_radar_test/src/radar_cartographer' with build type 'ament_cmake'
[0.411s] INFO:colcon.colcon_cmake.task.cmake.build:Building CMake package in '/home/jingyan/handhold_radar_test/src/radar_cartographer'
[0.412s] INFO:colcon.colcon_core.shell:Skip shell extension 'powershell' for command environment: Not usable outside of PowerShell
[0.412s] DEBUG:colcon.colcon_core.shell:Skip shell extension 'dsv' for command environment
[0.635s] INFO:colcon.colcon_core.task.python.build:Building Python package in '/home/jingyan/handhold_radar_test/src/iwr6843_pub'
[0.637s] INFO:colcon.colcon_core.shell:Skip shell extension 'powershell' for command environment: Not usable outside of PowerShell
[0.637s] DEBUG:colcon.colcon_core.shell:Skip shell extension 'dsv' for command environment
[0.645s] DEBUG:colcon.colcon_core.event_handler.log_command:Invoking command in '/home/jingyan/handhold_radar_test/build/radar_cartographer': CMAKE_PREFIX_PATH=/opt/ros/foxy /usr/bin/cmake --build /home/jingyan/handhold_radar_test/build/radar_cartographer -- -j16 -l16
[0.716s] DEBUG:colcon.colcon_core.event_handler.log_command:Invoked command in '/home/jingyan/handhold_radar_test/build/radar_cartographer' returned '0': CMAKE_PREFIX_PATH=/opt/ros/foxy /usr/bin/cmake --build /home/jingyan/handhold_radar_test/build/radar_cartographer -- -j16 -l16
[0.755s] DEBUG:colcon.colcon_core.event_handler.log_command:Invoking command in '/home/jingyan/handhold_radar_test/build/radar_cartographer': CMAKE_PREFIX_PATH=/opt/ros/foxy /usr/bin/cmake --install /home/jingyan/handhold_radar_test/build/radar_cartographer
[0.770s] Level 1:colcon.colcon_core.environment:create_environment_scripts_only(radar_cartographer)
[0.771s] DEBUG:colcon.colcon_core.event_handler.log_command:Invoked command in '/home/jingyan/handhold_radar_test/build/radar_cartographer' returned '0': CMAKE_PREFIX_PATH=/opt/ros/foxy /usr/bin/cmake --install /home/jingyan/handhold_radar_test/build/radar_cartographer
[0.783s] Level 1:colcon.colcon_core.environment:checking '/home/jingyan/handhold_radar_test/install/radar_cartographer' for CMake module files
[0.783s] Level 1:colcon.colcon_core.environment:checking '/home/jingyan/handhold_radar_test/install/radar_cartographer' for CMake config files
[0.783s] Level 1:colcon.colcon_core.shell:create_environment_hook('radar_cartographer', 'cmake_prefix_path')
[0.784s] INFO:colcon.colcon_core.shell:Creating environment hook '/home/jingyan/handhold_radar_test/install/radar_cartographer/share/radar_cartographer/hook/cmake_prefix_path.ps1'
[0.785s] INFO:colcon.colcon_core.shell:Creating environment descriptor '/home/jingyan/handhold_radar_test/install/radar_cartographer/share/radar_cartographer/hook/cmake_prefix_path.dsv'
[0.785s] INFO:colcon.colcon_core.shell:Creating environment hook '/home/jingyan/handhold_radar_test/install/radar_cartographer/share/radar_cartographer/hook/cmake_prefix_path.sh'
[0.786s] Level 1:colcon.colcon_core.environment:checking '/home/jingyan/handhold_radar_test/install/radar_cartographer/bin'
[0.786s] Level 1:colcon.colcon_core.environment:checking '/home/jingyan/handhold_radar_test/install/radar_cartographer/lib/pkgconfig/radar_cartographer.pc'
[0.786s] Level 1:colcon.colcon_core.environment:checking '/home/jingyan/handhold_radar_test/install/radar_cartographer/lib/python3.8/site-packages'
[0.786s] Level 1:colcon.colcon_core.environment:checking '/home/jingyan/handhold_radar_test/install/radar_cartographer/bin'
[0.787s] INFO:colcon.colcon_core.shell:Creating package script '/home/jingyan/handhold_radar_test/install/radar_cartographer/share/radar_cartographer/package.ps1'
[0.788s] INFO:colcon.colcon_core.shell:Creating package descriptor '/home/jingyan/handhold_radar_test/install/radar_cartographer/share/radar_cartographer/package.dsv'
[0.789s] INFO:colcon.colcon_core.shell:Creating package script '/home/jingyan/handhold_radar_test/install/radar_cartographer/share/radar_cartographer/package.sh'
[0.789s] INFO:colcon.colcon_core.shell:Creating package script '/home/jingyan/handhold_radar_test/install/radar_cartographer/share/radar_cartographer/package.bash'
[0.790s] INFO:colcon.colcon_core.shell:Creating package script '/home/jingyan/handhold_radar_test/install/radar_cartographer/share/radar_cartographer/package.zsh'
[0.791s] Level 1:colcon.colcon_core.environment:create_file_with_runtime_dependencies(/home/jingyan/handhold_radar_test/install/radar_cartographer/share/colcon-core/packages/radar_cartographer)
[0.824s] Level 1:colcon.colcon_core.environment:create_environment_scripts_only(radar_cartographer)
[0.829s] Level 1:colcon.colcon_core.environment:checking '/home/jingyan/handhold_radar_test/install/radar_cartographer' for CMake module files
[0.830s] Level 1:colcon.colcon_core.environment:checking '/home/jingyan/handhold_radar_test/install/radar_cartographer' for CMake config files
[0.830s] Level 1:colcon.colcon_core.shell:create_environment_hook('radar_cartographer', 'cmake_prefix_path')
[0.833s] INFO:colcon.colcon_core.shell:Creating environment hook '/home/jingyan/handhold_radar_test/install/radar_cartographer/share/radar_cartographer/hook/cmake_prefix_path.ps1'
[0.834s] INFO:colcon.colcon_core.shell:Creating environment descriptor '/home/jingyan/handhold_radar_test/install/radar_cartographer/share/radar_cartographer/hook/cmake_prefix_path.dsv'
[0.835s] INFO:colcon.colcon_core.shell:Creating environment hook '/home/jingyan/handhold_radar_test/install/radar_cartographer/share/radar_cartographer/hook/cmake_prefix_path.sh'
[0.836s] Level 1:colcon.colcon_core.environment:checking '/home/jingyan/handhold_radar_test/install/radar_cartographer/bin'
[0.836s] Level 1:colcon.colcon_core.environment:checking '/home/jingyan/handhold_radar_test/install/radar_cartographer/lib/pkgconfig/radar_cartographer.pc'
[0.836s] Level 1:colcon.colcon_core.environment:checking '/home/jingyan/handhold_radar_test/install/radar_cartographer/lib/python3.8/site-packages'
[0.836s] Level 1:colcon.colcon_core.environment:checking '/home/jingyan/handhold_radar_test/install/radar_cartographer/bin'
[0.837s] INFO:colcon.colcon_core.shell:Creating package script '/home/jingyan/handhold_radar_test/install/radar_cartographer/share/radar_cartographer/package.ps1'
[0.838s] INFO:colcon.colcon_core.shell:Creating package descriptor '/home/jingyan/handhold_radar_test/install/radar_cartographer/share/radar_cartographer/package.dsv'
[0.838s] INFO:colcon.colcon_core.shell:Creating package script '/home/jingyan/handhold_radar_test/install/radar_cartographer/share/radar_cartographer/package.sh'
[0.838s] INFO:colcon.colcon_core.shell:Creating package script '/home/jingyan/handhold_radar_test/install/radar_cartographer/share/radar_cartographer/package.bash'
[0.838s] INFO:colcon.colcon_core.shell:Creating package script '/home/jingyan/handhold_radar_test/install/radar_cartographer/share/radar_cartographer/package.zsh'
[0.839s] Level 1:colcon.colcon_core.environment:create_file_with_runtime_dependencies(/home/jingyan/handhold_radar_test/install/radar_cartographer/share/colcon-core/packages/radar_cartographer)
[1.060s] DEBUG:colcon.colcon_core.event_handler.log_command:Invoking command in '/home/jingyan/handhold_radar_test/src/iwr6843_pub': PYTHONPATH=/home/jingyan/handhold_radar_test/install/iwr6843_pub/lib/python3.8/site-packages:${PYTHONPATH} /usr/bin/python3 setup.py egg_info --egg-base ../../build/iwr6843_pub build --build-base /home/jingyan/handhold_radar_test/build/iwr6843_pub/build install --prefix /home/jingyan/handhold_radar_test/install/iwr6843_pub --record /home/jingyan/handhold_radar_test/build/iwr6843_pub/install.log --single-version-externally-managed
[1.307s] Level 1:colcon.colcon_core.environment:checking '/home/jingyan/handhold_radar_test/install/iwr6843_pub' for CMake module files
[1.308s] DEBUG:colcon.colcon_core.event_handler.log_command:Invoked command in '/home/jingyan/handhold_radar_test/src/iwr6843_pub' returned '0': PYTHONPATH=/home/jingyan/handhold_radar_test/install/iwr6843_pub/lib/python3.8/site-packages:${PYTHONPATH} /usr/bin/python3 setup.py egg_info --egg-base ../../build/iwr6843_pub build --build-base /home/jingyan/handhold_radar_test/build/iwr6843_pub/build install --prefix /home/jingyan/handhold_radar_test/install/iwr6843_pub --record /home/jingyan/handhold_radar_test/build/iwr6843_pub/install.log --single-version-externally-managed
[1.309s] Level 1:colcon.colcon_core.environment:checking '/home/jingyan/handhold_radar_test/install/iwr6843_pub' for CMake config files
[1.310s] Level 1:colcon.colcon_core.environment:checking '/home/jingyan/handhold_radar_test/install/iwr6843_pub/lib'
[1.310s] Level 1:colcon.colcon_core.environment:checking '/home/jingyan/handhold_radar_test/install/iwr6843_pub/bin'
[1.310s] Level 1:colcon.colcon_core.environment:checking '/home/jingyan/handhold_radar_test/install/iwr6843_pub/lib/pkgconfig/iwr6843_pub.pc'
[1.311s] Level 1:colcon.colcon_core.environment:checking '/home/jingyan/handhold_radar_test/install/iwr6843_pub/lib/python3.8/site-packages'
[1.311s] Level 1:colcon.colcon_core.shell:create_environment_hook('iwr6843_pub', 'pythonpath')
[1.313s] INFO:colcon.colcon_core.shell:Creating environment hook '/home/jingyan/handhold_radar_test/install/iwr6843_pub/share/iwr6843_pub/hook/pythonpath.ps1'
[1.314s] INFO:colcon.colcon_core.shell:Creating environment descriptor '/home/jingyan/handhold_radar_test/install/iwr6843_pub/share/iwr6843_pub/hook/pythonpath.dsv'
[1.315s] INFO:colcon.colcon_core.shell:Creating environment hook '/home/jingyan/handhold_radar_test/install/iwr6843_pub/share/iwr6843_pub/hook/pythonpath.sh'
[1.316s] Level 1:colcon.colcon_core.environment:checking '/home/jingyan/handhold_radar_test/install/iwr6843_pub/bin'
[1.316s] Level 1:colcon.colcon_core.environment:create_environment_scripts_only(iwr6843_pub)
[1.317s] INFO:colcon.colcon_core.shell:Creating package script '/home/jingyan/handhold_radar_test/install/iwr6843_pub/share/iwr6843_pub/package.ps1'
[1.317s] INFO:colcon.colcon_core.shell:Creating package descriptor '/home/jingyan/handhold_radar_test/install/iwr6843_pub/share/iwr6843_pub/package.dsv'
[1.318s] INFO:colcon.colcon_core.shell:Creating package script '/home/jingyan/handhold_radar_test/install/iwr6843_pub/share/iwr6843_pub/package.sh'
[1.318s] INFO:colcon.colcon_core.shell:Creating package script '/home/jingyan/handhold_radar_test/install/iwr6843_pub/share/iwr6843_pub/package.bash'
[1.318s] INFO:colcon.colcon_core.shell:Creating package script '/home/jingyan/handhold_radar_test/install/iwr6843_pub/share/iwr6843_pub/package.zsh'
[1.319s] Level 1:colcon.colcon_core.environment:create_file_with_runtime_dependencies(/home/jingyan/handhold_radar_test/install/iwr6843_pub/share/colcon-core/packages/iwr6843_pub)
[1.319s] DEBUG:colcon.colcon_parallel_executor.executor.parallel:closing loop
[1.319s] DEBUG:colcon.colcon_parallel_executor.executor.parallel:loop closed
[1.319s] DEBUG:colcon.colcon_parallel_executor.executor.parallel:run_until_complete finished with '0'
[1.319s] DEBUG:colcon.colcon_core.event_reactor:joining thread
[1.332s] INFO:colcon.colcon_core.plugin_system:Skipping extension 'colcon_notification.desktop_notification.terminal_notifier': Not used on non-Darwin systems
[1.332s] INFO:colcon.colcon_core.plugin_system:Skipping extension 'colcon_notification.desktop_notification.win32': Not used on non-Windows systems
[1.332s] INFO:colcon.colcon_notification.desktop_notification:Sending desktop notification using 'notify2'
[1.355s] DEBUG:colcon.colcon_core.event_reactor:joined thread
[1.359s] INFO:colcon.colcon_core.shell:Creating prefix script '/home/jingyan/handhold_radar_test/install/local_setup.ps1'
[1.362s] INFO:colcon.colcon_core.shell:Creating prefix util module '/home/jingyan/handhold_radar_test/install/_local_setup_util_ps1.py'
[1.365s] INFO:colcon.colcon_core.shell:Creating prefix chain script '/home/jingyan/handhold_radar_test/install/setup.ps1'
[1.368s] INFO:colcon.colcon_core.shell:Creating prefix script '/home/jingyan/handhold_radar_test/install/local_setup.sh'
[1.369s] INFO:colcon.colcon_core.shell:Creating prefix util module '/home/jingyan/handhold_radar_test/install/_local_setup_util_sh.py'
[1.369s] INFO:colcon.colcon_core.shell:Creating prefix chain script '/home/jingyan/handhold_radar_test/install/setup.sh'
[1.371s] INFO:colcon.colcon_core.shell:Creating prefix script '/home/jingyan/handhold_radar_test/install/local_setup.bash'
[1.371s] INFO:colcon.colcon_core.shell:Creating prefix chain script '/home/jingyan/handhold_radar_test/install/setup.bash'
[1.372s] INFO:colcon.colcon_core.shell:Creating prefix script '/home/jingyan/handhold_radar_test/install/local_setup.zsh'
[1.373s] INFO:colcon.colcon_core.shell:Creating prefix chain script '/home/jingyan/handhold_radar_test/install/setup.zsh'
