[0.291s] Invoking command in '/home/jingyan/handhold_radar_test/build/radar_cartographer': CMAKE_PREFIX_PATH=/opt/ros/foxy /usr/bin/cmake --build /home/jingyan/handhold_radar_test/build/radar_cartographer -- -j16 -l16
[0.425s] -- Found ament_cmake: 0.9.11 (/opt/ros/foxy/share/ament_cmake/cmake)
[0.454s] -- Using PYTHON_EXECUTABLE: /usr/bin/python3
[0.649s] -- Found ament_lint_auto: 0.9.7 (/opt/ros/foxy/share/ament_lint_auto/cmake)
[0.722s] -- Added test 'copyright' to check source files copyright and LICENSE
[0.725s] -- Added test 'flake8' to check Python code syntax and style conventions
[0.726s] -- Added test 'lint_cmake' to check CMake code style
[0.727s] -- Added test 'pep257' to check Python code against some of the style conventions in PEP 257
[0.729s] -- Added test 'xmllint' to check XML markup files
[0.732s] -- Configuring done
[0.739s] -- Generating done
[0.741s] -- Build files have been written to: /home/jingyan/handhold_radar_test/build/radar_cartographer
[0.766s] Invoked command in '/home/jingyan/handhold_radar_test/build/radar_cartographer' returned '0': CMAKE_PREFIX_PATH=/opt/ros/foxy /usr/bin/cmake --build /home/jingyan/handhold_radar_test/build/radar_cartographer -- -j16 -l16
[0.810s] Invoking command in '/home/jingyan/handhold_radar_test/build/radar_cartographer': CMAKE_PREFIX_PATH=/opt/ros/foxy /usr/bin/cmake --install /home/jingyan/handhold_radar_test/build/radar_cartographer
[0.821s] -- Install configuration: ""
[0.821s] -- Up-to-date: /home/jingyan/handhold_radar_test/install/radar_cartographer/share/radar_cartographer/config
[0.822s] -- Up-to-date: /home/jingyan/handhold_radar_test/install/radar_cartographer/share/radar_cartographer/config/fishbot_2d.lua
[0.822s] -- Up-to-date: /home/jingyan/handhold_radar_test/install/radar_cartographer/share/radar_cartographer/launch
[0.822s] -- Up-to-date: /home/jingyan/handhold_radar_test/install/radar_cartographer/share/radar_cartographer/launch/cartographer.launch.py
[0.822s] -- Up-to-date: /home/jingyan/handhold_radar_test/install/radar_cartographer/share/radar_cartographer/rviz
[0.823s] -- Up-to-date: /home/jingyan/handhold_radar_test/install/radar_cartographer/share/ament_index/resource_index/package_run_dependencies/radar_cartographer
[0.823s] -- Up-to-date: /home/jingyan/handhold_radar_test/install/radar_cartographer/share/ament_index/resource_index/parent_prefix_path/radar_cartographer
[0.823s] -- Up-to-date: /home/jingyan/handhold_radar_test/install/radar_cartographer/share/radar_cartographer/environment/ament_prefix_path.sh
[0.823s] -- Installing: /home/jingyan/handhold_radar_test/install/radar_cartographer/share/radar_cartographer/environment/ament_prefix_path.dsv
[0.826s] -- Up-to-date: /home/jingyan/handhold_radar_test/install/radar_cartographer/share/radar_cartographer/environment/path.sh
[0.826s] -- Installing: /home/jingyan/handhold_radar_test/install/radar_cartographer/share/radar_cartographer/environment/path.dsv
[0.826s] -- Up-to-date: /home/jingyan/handhold_radar_test/install/radar_cartographer/share/radar_cartographer/local_setup.bash
[0.826s] -- Up-to-date: /home/jingyan/handhold_radar_test/install/radar_cartographer/share/radar_cartographer/local_setup.sh
[0.827s] -- Up-to-date: /home/jingyan/handhold_radar_test/install/radar_cartographer/share/radar_cartographer/local_setup.zsh
[0.827s] -- Installing: /home/jingyan/handhold_radar_test/install/radar_cartographer/share/radar_cartographer/local_setup.dsv
[0.830s] -- Installing: /home/jingyan/handhold_radar_test/install/radar_cartographer/share/radar_cartographer/package.dsv
[0.830s] -- Up-to-date: /home/jingyan/handhold_radar_test/install/radar_cartographer/share/ament_index/resource_index/packages/radar_cartographer
[0.830s] -- Up-to-date: /home/jingyan/handhold_radar_test/install/radar_cartographer/share/radar_cartographer/cmake/radar_cartographerConfig.cmake
[0.830s] -- Up-to-date: /home/jingyan/handhold_radar_test/install/radar_cartographer/share/radar_cartographer/cmake/radar_cartographerConfig-version.cmake
[0.831s] -- Installing: /home/jingyan/handhold_radar_test/install/radar_cartographer/share/radar_cartographer/package.xml
[0.831s] Invoked command in '/home/jingyan/handhold_radar_test/build/radar_cartographer' returned '0': CMAKE_PREFIX_PATH=/opt/ros/foxy /usr/bin/cmake --install /home/jingyan/handhold_radar_test/build/radar_cartographer
