-- Install configuration: ""
-- Up-to-date: /home/jingyan/handhold_radar_test/install/radar_cartographer/share/radar_cartographer/config
-- Installing: /home/jingyan/handhold_radar_test/install/radar_cartographer/share/radar_cartographer/config/fishbot_2d.lua
-- Up-to-date: /home/jingyan/handhold_radar_test/install/radar_cartographer/share/radar_cartographer/launch
-- Up-to-date: /home/jingyan/handhold_radar_test/install/radar_cartographer/share/radar_cartographer/launch/cartographer.launch.py
-- Up-to-date: /home/jingyan/handhold_radar_test/install/radar_cartographer/share/radar_cartographer/rviz
-- Up-to-date: /home/jingyan/handhold_radar_test/install/radar_cartographer/share/ament_index/resource_index/package_run_dependencies/radar_cartographer
-- Up-to-date: /home/jingyan/handhold_radar_test/install/radar_cartographer/share/ament_index/resource_index/parent_prefix_path/radar_cartographer
-- Up-to-date: /home/jingyan/handhold_radar_test/install/radar_cartographer/share/radar_cartographer/environment/ament_prefix_path.sh
-- Up-to-date: /home/jingyan/handhold_radar_test/install/radar_cartographer/share/radar_cartographer/environment/ament_prefix_path.dsv
-- Up-to-date: /home/jingyan/handhold_radar_test/install/radar_cartographer/share/radar_cartographer/environment/path.sh
-- Up-to-date: /home/jingyan/handhold_radar_test/install/radar_cartographer/share/radar_cartographer/environment/path.dsv
-- Up-to-date: /home/jingyan/handhold_radar_test/install/radar_cartographer/share/radar_cartographer/local_setup.bash
-- Up-to-date: /home/jingyan/handhold_radar_test/install/radar_cartographer/share/radar_cartographer/local_setup.sh
-- Up-to-date: /home/jingyan/handhold_radar_test/install/radar_cartographer/share/radar_cartographer/local_setup.zsh
-- Up-to-date: /home/jingyan/handhold_radar_test/install/radar_cartographer/share/radar_cartographer/local_setup.dsv
-- Up-to-date: /home/jingyan/handhold_radar_test/install/radar_cartographer/share/radar_cartographer/package.dsv
-- Up-to-date: /home/jingyan/handhold_radar_test/install/radar_cartographer/share/ament_index/resource_index/packages/radar_cartographer
-- Up-to-date: /home/jingyan/handhold_radar_test/install/radar_cartographer/share/radar_cartographer/cmake/radar_cartographerConfig.cmake
-- Up-to-date: /home/jingyan/handhold_radar_test/install/radar_cartographer/share/radar_cartographer/cmake/radar_cartographerConfig-version.cmake
-- Up-to-date: /home/jingyan/handhold_radar_test/install/radar_cartographer/share/radar_cartographer/package.xml
