[0.271s] DEBUG:colcon:Command line arguments: ['/usr/bin/colcon', 'build']
[0.271s] DEBUG:colcon:Parsed command line arguments: Namespace(allow_overriding=[], ament_cmake_args=None, base_paths=['.'], build_base='build', catkin_cmake_args=None, catkin_skip_building_tests=False, cmake_args=None, cmake_clean_cache=False, cmake_clean_first=False, cmake_force_configure=False, cmake_target=None, cmake_target_skip_unavailable=False, continue_on_error=False, event_handlers=None, executor='parallel', ignore_user_meta=False, install_base='install', log_base=None, log_level=None, main=<bound method BuildVerb.main of <colcon_core.verb.build.BuildVerb object at 0x7f714bed7790>>, merge_install=False, metas=['./colcon.meta'], packages_above=None, packages_above_and_dependencies=None, packages_above_depth=None, packages_end=None, packages_ignore=None, packages_ignore_regex=None, packages_select=None, packages_select_build_failed=False, packages_select_by_dep=None, packages_select_regex=None, packages_select_test_failures=False, packages_skip=None, packages_skip_build_finished=False, packages_skip_by_dep=None, packages_skip_regex=None, packages_skip_test_passed=False, packages_skip_up_to=None, packages_start=None, packages_up_to=None, packages_up_to_regex=None, parallel_workers=16, paths=None, symlink_install=False, test_result_base=None, verb_extension=<colcon_core.verb.build.BuildVerb object at 0x7f714bed7790>, verb_name='build', verb_parser=<colcon_defaults.argument_parser.defaults.DefaultArgumentsDecorator object at 0x7f714bed7d00>)
[0.350s] Level 1:colcon.colcon_core.package_discovery:discover_packages(colcon_meta) check parameters
[0.351s] Level 1:colcon.colcon_core.package_discovery:discover_packages(recursive) check parameters
[0.351s] Level 1:colcon.colcon_core.package_discovery:discover_packages(ignore) check parameters
[0.351s] Level 1:colcon.colcon_core.package_discovery:discover_packages(path) check parameters
[0.351s] Level 1:colcon.colcon_core.package_discovery:discover_packages(colcon_meta) discover
[0.351s] Level 1:colcon.colcon_core.package_discovery:discover_packages(recursive) discover
[0.351s] INFO:colcon.colcon_core.package_discovery:Crawling recursively for packages in '/home/jingyan/handhold_radar_test'
[0.351s] Level 1:colcon.colcon_core.package_identification:_identify(.) by extensions ['ignore', 'ignore_ament_install']
[0.351s] Level 1:colcon.colcon_core.package_identification:_identify(.) by extension 'ignore'
[0.351s] Level 1:colcon.colcon_core.package_identification:_identify(.) by extension 'ignore_ament_install'
[0.351s] Level 1:colcon.colcon_core.package_identification:_identify(.) by extensions ['colcon_pkg']
[0.352s] Level 1:colcon.colcon_core.package_identification:_identify(.) by extension 'colcon_pkg'
[0.352s] Level 1:colcon.colcon_core.package_identification:_identify(.) by extensions ['colcon_meta']
[0.352s] Level 1:colcon.colcon_core.package_identification:_identify(.) by extension 'colcon_meta'
[0.352s] Level 1:colcon.colcon_core.package_identification:_identify(.) by extensions ['ros']
[0.352s] Level 1:colcon.colcon_core.package_identification:_identify(.) by extension 'ros'
[0.376s] Level 1:colcon.colcon_core.package_identification:_identify(.) by extensions ['cmake', 'python']
[0.376s] Level 1:colcon.colcon_core.package_identification:_identify(.) by extension 'cmake'
[0.376s] Level 1:colcon.colcon_core.package_identification:_identify(.) by extension 'python'
[0.376s] Level 1:colcon.colcon_core.package_identification:_identify(.) by extensions ['python_setup_py']
[0.376s] Level 1:colcon.colcon_core.package_identification:_identify(.) by extension 'python_setup_py'
[0.376s] Level 1:colcon.colcon_core.package_identification:_identify(SLAMDATA11) by extensions ['ignore', 'ignore_ament_install']
[0.376s] Level 1:colcon.colcon_core.package_identification:_identify(SLAMDATA11) by extension 'ignore'
[0.377s] Level 1:colcon.colcon_core.package_identification:_identify(SLAMDATA11) by extension 'ignore_ament_install'
[0.377s] Level 1:colcon.colcon_core.package_identification:_identify(SLAMDATA11) by extensions ['colcon_pkg']
[0.377s] Level 1:colcon.colcon_core.package_identification:_identify(SLAMDATA11) by extension 'colcon_pkg'
[0.377s] Level 1:colcon.colcon_core.package_identification:_identify(SLAMDATA11) by extensions ['colcon_meta']
[0.377s] Level 1:colcon.colcon_core.package_identification:_identify(SLAMDATA11) by extension 'colcon_meta'
[0.377s] Level 1:colcon.colcon_core.package_identification:_identify(SLAMDATA11) by extensions ['ros']
[0.377s] Level 1:colcon.colcon_core.package_identification:_identify(SLAMDATA11) by extension 'ros'
[0.377s] Level 1:colcon.colcon_core.package_identification:_identify(SLAMDATA11) by extensions ['cmake', 'python']
[0.377s] Level 1:colcon.colcon_core.package_identification:_identify(SLAMDATA11) by extension 'cmake'
[0.377s] Level 1:colcon.colcon_core.package_identification:_identify(SLAMDATA11) by extension 'python'
[0.377s] Level 1:colcon.colcon_core.package_identification:_identify(SLAMDATA11) by extensions ['python_setup_py']
[0.377s] Level 1:colcon.colcon_core.package_identification:_identify(SLAMDATA11) by extension 'python_setup_py'
[0.377s] Level 1:colcon.colcon_core.package_identification:_identify(SLAMDATA12) by extensions ['ignore', 'ignore_ament_install']
[0.377s] Level 1:colcon.colcon_core.package_identification:_identify(SLAMDATA12) by extension 'ignore'
[0.377s] Level 1:colcon.colcon_core.package_identification:_identify(SLAMDATA12) by extension 'ignore_ament_install'
[0.377s] Level 1:colcon.colcon_core.package_identification:_identify(SLAMDATA12) by extensions ['colcon_pkg']
[0.377s] Level 1:colcon.colcon_core.package_identification:_identify(SLAMDATA12) by extension 'colcon_pkg'
[0.378s] Level 1:colcon.colcon_core.package_identification:_identify(SLAMDATA12) by extensions ['colcon_meta']
[0.378s] Level 1:colcon.colcon_core.package_identification:_identify(SLAMDATA12) by extension 'colcon_meta'
[0.378s] Level 1:colcon.colcon_core.package_identification:_identify(SLAMDATA12) by extensions ['ros']
[0.378s] Level 1:colcon.colcon_core.package_identification:_identify(SLAMDATA12) by extension 'ros'
[0.378s] Level 1:colcon.colcon_core.package_identification:_identify(SLAMDATA12) by extensions ['cmake', 'python']
[0.378s] Level 1:colcon.colcon_core.package_identification:_identify(SLAMDATA12) by extension 'cmake'
[0.378s] Level 1:colcon.colcon_core.package_identification:_identify(SLAMDATA12) by extension 'python'
[0.378s] Level 1:colcon.colcon_core.package_identification:_identify(SLAMDATA12) by extensions ['python_setup_py']
[0.378s] Level 1:colcon.colcon_core.package_identification:_identify(SLAMDATA12) by extension 'python_setup_py'
[0.378s] Level 1:colcon.colcon_core.package_identification:_identify(SLAMDATA15) by extensions ['ignore', 'ignore_ament_install']
[0.378s] Level 1:colcon.colcon_core.package_identification:_identify(SLAMDATA15) by extension 'ignore'
[0.378s] Level 1:colcon.colcon_core.package_identification:_identify(SLAMDATA15) by extension 'ignore_ament_install'
[0.378s] Level 1:colcon.colcon_core.package_identification:_identify(SLAMDATA15) by extensions ['colcon_pkg']
[0.378s] Level 1:colcon.colcon_core.package_identification:_identify(SLAMDATA15) by extension 'colcon_pkg'
[0.378s] Level 1:colcon.colcon_core.package_identification:_identify(SLAMDATA15) by extensions ['colcon_meta']
[0.378s] Level 1:colcon.colcon_core.package_identification:_identify(SLAMDATA15) by extension 'colcon_meta'
[0.378s] Level 1:colcon.colcon_core.package_identification:_identify(SLAMDATA15) by extensions ['ros']
[0.378s] Level 1:colcon.colcon_core.package_identification:_identify(SLAMDATA15) by extension 'ros'
[0.379s] Level 1:colcon.colcon_core.package_identification:_identify(SLAMDATA15) by extensions ['cmake', 'python']
[0.379s] Level 1:colcon.colcon_core.package_identification:_identify(SLAMDATA15) by extension 'cmake'
[0.379s] Level 1:colcon.colcon_core.package_identification:_identify(SLAMDATA15) by extension 'python'
[0.379s] Level 1:colcon.colcon_core.package_identification:_identify(SLAMDATA15) by extensions ['python_setup_py']
[0.379s] Level 1:colcon.colcon_core.package_identification:_identify(SLAMDATA15) by extension 'python_setup_py'
[0.379s] Level 1:colcon.colcon_core.package_identification:_identify(SLAMDATA16) by extensions ['ignore', 'ignore_ament_install']
[0.379s] Level 1:colcon.colcon_core.package_identification:_identify(SLAMDATA16) by extension 'ignore'
[0.379s] Level 1:colcon.colcon_core.package_identification:_identify(SLAMDATA16) by extension 'ignore_ament_install'
[0.379s] Level 1:colcon.colcon_core.package_identification:_identify(SLAMDATA16) by extensions ['colcon_pkg']
[0.379s] Level 1:colcon.colcon_core.package_identification:_identify(SLAMDATA16) by extension 'colcon_pkg'
[0.379s] Level 1:colcon.colcon_core.package_identification:_identify(SLAMDATA16) by extensions ['colcon_meta']
[0.379s] Level 1:colcon.colcon_core.package_identification:_identify(SLAMDATA16) by extension 'colcon_meta'
[0.379s] Level 1:colcon.colcon_core.package_identification:_identify(SLAMDATA16) by extensions ['ros']
[0.379s] Level 1:colcon.colcon_core.package_identification:_identify(SLAMDATA16) by extension 'ros'
[0.379s] Level 1:colcon.colcon_core.package_identification:_identify(SLAMDATA16) by extensions ['cmake', 'python']
[0.379s] Level 1:colcon.colcon_core.package_identification:_identify(SLAMDATA16) by extension 'cmake'
[0.379s] Level 1:colcon.colcon_core.package_identification:_identify(SLAMDATA16) by extension 'python'
[0.379s] Level 1:colcon.colcon_core.package_identification:_identify(SLAMDATA16) by extensions ['python_setup_py']
[0.379s] Level 1:colcon.colcon_core.package_identification:_identify(SLAMDATA16) by extension 'python_setup_py'
[0.380s] Level 1:colcon.colcon_core.package_identification:_identify(SLAMDATA17) by extensions ['ignore', 'ignore_ament_install']
[0.380s] Level 1:colcon.colcon_core.package_identification:_identify(SLAMDATA17) by extension 'ignore'
[0.380s] Level 1:colcon.colcon_core.package_identification:_identify(SLAMDATA17) by extension 'ignore_ament_install'
[0.380s] Level 1:colcon.colcon_core.package_identification:_identify(SLAMDATA17) by extensions ['colcon_pkg']
[0.380s] Level 1:colcon.colcon_core.package_identification:_identify(SLAMDATA17) by extension 'colcon_pkg'
[0.380s] Level 1:colcon.colcon_core.package_identification:_identify(SLAMDATA17) by extensions ['colcon_meta']
[0.380s] Level 1:colcon.colcon_core.package_identification:_identify(SLAMDATA17) by extension 'colcon_meta'
[0.380s] Level 1:colcon.colcon_core.package_identification:_identify(SLAMDATA17) by extensions ['ros']
[0.380s] Level 1:colcon.colcon_core.package_identification:_identify(SLAMDATA17) by extension 'ros'
[0.380s] Level 1:colcon.colcon_core.package_identification:_identify(SLAMDATA17) by extensions ['cmake', 'python']
[0.380s] Level 1:colcon.colcon_core.package_identification:_identify(SLAMDATA17) by extension 'cmake'
[0.380s] Level 1:colcon.colcon_core.package_identification:_identify(SLAMDATA17) by extension 'python'
[0.380s] Level 1:colcon.colcon_core.package_identification:_identify(SLAMDATA17) by extensions ['python_setup_py']
[0.380s] Level 1:colcon.colcon_core.package_identification:_identify(SLAMDATA17) by extension 'python_setup_py'
[0.380s] Level 1:colcon.colcon_core.package_identification:_identify(SLAMDATA18) by extensions ['ignore', 'ignore_ament_install']
[0.380s] Level 1:colcon.colcon_core.package_identification:_identify(SLAMDATA18) by extension 'ignore'
[0.381s] Level 1:colcon.colcon_core.package_identification:_identify(SLAMDATA18) by extension 'ignore_ament_install'
[0.381s] Level 1:colcon.colcon_core.package_identification:_identify(SLAMDATA18) by extensions ['colcon_pkg']
[0.381s] Level 1:colcon.colcon_core.package_identification:_identify(SLAMDATA18) by extension 'colcon_pkg'
[0.381s] Level 1:colcon.colcon_core.package_identification:_identify(SLAMDATA18) by extensions ['colcon_meta']
[0.381s] Level 1:colcon.colcon_core.package_identification:_identify(SLAMDATA18) by extension 'colcon_meta'
[0.381s] Level 1:colcon.colcon_core.package_identification:_identify(SLAMDATA18) by extensions ['ros']
[0.381s] Level 1:colcon.colcon_core.package_identification:_identify(SLAMDATA18) by extension 'ros'
[0.381s] Level 1:colcon.colcon_core.package_identification:_identify(SLAMDATA18) by extensions ['cmake', 'python']
[0.381s] Level 1:colcon.colcon_core.package_identification:_identify(SLAMDATA18) by extension 'cmake'
[0.381s] Level 1:colcon.colcon_core.package_identification:_identify(SLAMDATA18) by extension 'python'
[0.381s] Level 1:colcon.colcon_core.package_identification:_identify(SLAMDATA18) by extensions ['python_setup_py']
[0.381s] Level 1:colcon.colcon_core.package_identification:_identify(SLAMDATA18) by extension 'python_setup_py'
[0.381s] Level 1:colcon.colcon_core.package_identification:_identify(SLAMDATA19) by extensions ['ignore', 'ignore_ament_install']
[0.381s] Level 1:colcon.colcon_core.package_identification:_identify(SLAMDATA19) by extension 'ignore'
[0.381s] Level 1:colcon.colcon_core.package_identification:_identify(SLAMDATA19) by extension 'ignore_ament_install'
[0.381s] Level 1:colcon.colcon_core.package_identification:_identify(SLAMDATA19) by extensions ['colcon_pkg']
[0.381s] Level 1:colcon.colcon_core.package_identification:_identify(SLAMDATA19) by extension 'colcon_pkg'
[0.382s] Level 1:colcon.colcon_core.package_identification:_identify(SLAMDATA19) by extensions ['colcon_meta']
[0.382s] Level 1:colcon.colcon_core.package_identification:_identify(SLAMDATA19) by extension 'colcon_meta'
[0.382s] Level 1:colcon.colcon_core.package_identification:_identify(SLAMDATA19) by extensions ['ros']
[0.382s] Level 1:colcon.colcon_core.package_identification:_identify(SLAMDATA19) by extension 'ros'
[0.382s] Level 1:colcon.colcon_core.package_identification:_identify(SLAMDATA19) by extensions ['cmake', 'python']
[0.382s] Level 1:colcon.colcon_core.package_identification:_identify(SLAMDATA19) by extension 'cmake'
[0.382s] Level 1:colcon.colcon_core.package_identification:_identify(SLAMDATA19) by extension 'python'
[0.382s] Level 1:colcon.colcon_core.package_identification:_identify(SLAMDATA19) by extensions ['python_setup_py']
[0.382s] Level 1:colcon.colcon_core.package_identification:_identify(SLAMDATA19) by extension 'python_setup_py'
[0.382s] Level 1:colcon.colcon_core.package_identification:_identify(SLAMDATA20) by extensions ['ignore', 'ignore_ament_install']
[0.382s] Level 1:colcon.colcon_core.package_identification:_identify(SLAMDATA20) by extension 'ignore'
[0.382s] Level 1:colcon.colcon_core.package_identification:_identify(SLAMDATA20) by extension 'ignore_ament_install'
[0.382s] Level 1:colcon.colcon_core.package_identification:_identify(SLAMDATA20) by extensions ['colcon_pkg']
[0.382s] Level 1:colcon.colcon_core.package_identification:_identify(SLAMDATA20) by extension 'colcon_pkg'
[0.382s] Level 1:colcon.colcon_core.package_identification:_identify(SLAMDATA20) by extensions ['colcon_meta']
[0.382s] Level 1:colcon.colcon_core.package_identification:_identify(SLAMDATA20) by extension 'colcon_meta'
[0.382s] Level 1:colcon.colcon_core.package_identification:_identify(SLAMDATA20) by extensions ['ros']
[0.383s] Level 1:colcon.colcon_core.package_identification:_identify(SLAMDATA20) by extension 'ros'
[0.383s] Level 1:colcon.colcon_core.package_identification:_identify(SLAMDATA20) by extensions ['cmake', 'python']
[0.383s] Level 1:colcon.colcon_core.package_identification:_identify(SLAMDATA20) by extension 'cmake'
[0.383s] Level 1:colcon.colcon_core.package_identification:_identify(SLAMDATA20) by extension 'python'
[0.383s] Level 1:colcon.colcon_core.package_identification:_identify(SLAMDATA20) by extensions ['python_setup_py']
[0.383s] Level 1:colcon.colcon_core.package_identification:_identify(SLAMDATA20) by extension 'python_setup_py'
[0.383s] Level 1:colcon.colcon_core.package_identification:_identify(build) by extensions ['ignore', 'ignore_ament_install']
[0.383s] Level 1:colcon.colcon_core.package_identification:_identify(build) by extension 'ignore'
[0.383s] Level 1:colcon.colcon_core.package_identification:_identify(build) ignored
[0.383s] Level 1:colcon.colcon_core.package_identification:_identify(install) by extensions ['ignore', 'ignore_ament_install']
[0.383s] Level 1:colcon.colcon_core.package_identification:_identify(install) by extension 'ignore'
[0.383s] Level 1:colcon.colcon_core.package_identification:_identify(install) ignored
[0.383s] Level 1:colcon.colcon_core.package_identification:_identify(log) by extensions ['ignore', 'ignore_ament_install']
[0.384s] Level 1:colcon.colcon_core.package_identification:_identify(log) by extension 'ignore'
[0.384s] Level 1:colcon.colcon_core.package_identification:_identify(log) ignored
[0.384s] Level 1:colcon.colcon_core.package_identification:_identify(src) by extensions ['ignore', 'ignore_ament_install']
[0.384s] Level 1:colcon.colcon_core.package_identification:_identify(src) by extension 'ignore'
[0.384s] Level 1:colcon.colcon_core.package_identification:_identify(src) by extension 'ignore_ament_install'
[0.384s] Level 1:colcon.colcon_core.package_identification:_identify(src) by extensions ['colcon_pkg']
[0.384s] Level 1:colcon.colcon_core.package_identification:_identify(src) by extension 'colcon_pkg'
[0.384s] Level 1:colcon.colcon_core.package_identification:_identify(src) by extensions ['colcon_meta']
[0.384s] Level 1:colcon.colcon_core.package_identification:_identify(src) by extension 'colcon_meta'
[0.384s] Level 1:colcon.colcon_core.package_identification:_identify(src) by extensions ['ros']
[0.384s] Level 1:colcon.colcon_core.package_identification:_identify(src) by extension 'ros'
[0.384s] Level 1:colcon.colcon_core.package_identification:_identify(src) by extensions ['cmake', 'python']
[0.384s] Level 1:colcon.colcon_core.package_identification:_identify(src) by extension 'cmake'
[0.384s] Level 1:colcon.colcon_core.package_identification:_identify(src) by extension 'python'
[0.384s] Level 1:colcon.colcon_core.package_identification:_identify(src) by extensions ['python_setup_py']
[0.384s] Level 1:colcon.colcon_core.package_identification:_identify(src) by extension 'python_setup_py'
[0.385s] Level 1:colcon.colcon_core.package_identification:_identify(src/iwr6843_pub) by extensions ['ignore', 'ignore_ament_install']
[0.385s] Level 1:colcon.colcon_core.package_identification:_identify(src/iwr6843_pub) by extension 'ignore'
[0.385s] Level 1:colcon.colcon_core.package_identification:_identify(src/iwr6843_pub) by extension 'ignore_ament_install'
[0.385s] Level 1:colcon.colcon_core.package_identification:_identify(src/iwr6843_pub) by extensions ['colcon_pkg']
[0.385s] Level 1:colcon.colcon_core.package_identification:_identify(src/iwr6843_pub) by extension 'colcon_pkg'
[0.385s] Level 1:colcon.colcon_core.package_identification:_identify(src/iwr6843_pub) by extensions ['colcon_meta']
[0.385s] Level 1:colcon.colcon_core.package_identification:_identify(src/iwr6843_pub) by extension 'colcon_meta'
[0.385s] Level 1:colcon.colcon_core.package_identification:_identify(src/iwr6843_pub) by extensions ['ros']
[0.385s] Level 1:colcon.colcon_core.package_identification:_identify(src/iwr6843_pub) by extension 'ros'
[0.390s] DEBUG:colcon.colcon_core.package_identification:Package 'src/iwr6843_pub' with type 'ros.ament_python' and name 'iwr6843_pub'
[0.391s] Level 1:colcon.colcon_core.package_identification:_identify(src/radar_cartographer) by extensions ['ignore', 'ignore_ament_install']
[0.391s] Level 1:colcon.colcon_core.package_identification:_identify(src/radar_cartographer) by extension 'ignore'
[0.391s] Level 1:colcon.colcon_core.package_identification:_identify(src/radar_cartographer) by extension 'ignore_ament_install'
[0.391s] Level 1:colcon.colcon_core.package_identification:_identify(src/radar_cartographer) by extensions ['colcon_pkg']
[0.391s] Level 1:colcon.colcon_core.package_identification:_identify(src/radar_cartographer) by extension 'colcon_pkg'
[0.391s] Level 1:colcon.colcon_core.package_identification:_identify(src/radar_cartographer) by extensions ['colcon_meta']
[0.391s] Level 1:colcon.colcon_core.package_identification:_identify(src/radar_cartographer) by extension 'colcon_meta'
[0.391s] Level 1:colcon.colcon_core.package_identification:_identify(src/radar_cartographer) by extensions ['ros']
[0.391s] Level 1:colcon.colcon_core.package_identification:_identify(src/radar_cartographer) by extension 'ros'
[0.393s] DEBUG:colcon.colcon_core.package_identification:Package 'src/radar_cartographer' with type 'ros.ament_cmake' and name 'radar_cartographer'
[0.393s] Level 1:colcon.colcon_core.package_discovery:discover_packages(recursive) using defaults
[0.393s] Level 1:colcon.colcon_core.package_discovery:discover_packages(ignore) discover
[0.393s] Level 1:colcon.colcon_core.package_discovery:discover_packages(ignore) using defaults
[0.393s] Level 1:colcon.colcon_core.package_discovery:discover_packages(path) discover
[0.393s] Level 1:colcon.colcon_core.package_discovery:discover_packages(path) using defaults
[0.434s] Level 1:colcon.colcon_core.package_discovery:discover_packages(prefix_path) check parameters
[0.434s] Level 1:colcon.colcon_core.package_discovery:discover_packages(prefix_path) discover
[0.440s] DEBUG:colcon.colcon_installed_package_information.package_discovery:Found 316 installed packages in /opt/ros/foxy
[0.442s] Level 1:colcon.colcon_core.package_discovery:discover_packages(prefix_path) using defaults
[0.562s] Level 5:colcon.colcon_core.verb:set package 'iwr6843_pub' build argument 'cmake_args' from command line to 'None'
[0.562s] Level 5:colcon.colcon_core.verb:set package 'iwr6843_pub' build argument 'cmake_target' from command line to 'None'
[0.562s] Level 5:colcon.colcon_core.verb:set package 'iwr6843_pub' build argument 'cmake_target_skip_unavailable' from command line to 'False'
[0.562s] Level 5:colcon.colcon_core.verb:set package 'iwr6843_pub' build argument 'cmake_clean_cache' from command line to 'False'
[0.562s] Level 5:colcon.colcon_core.verb:set package 'iwr6843_pub' build argument 'cmake_clean_first' from command line to 'False'
[0.562s] Level 5:colcon.colcon_core.verb:set package 'iwr6843_pub' build argument 'cmake_force_configure' from command line to 'False'
[0.562s] Level 5:colcon.colcon_core.verb:set package 'iwr6843_pub' build argument 'ament_cmake_args' from command line to 'None'
[0.562s] Level 5:colcon.colcon_core.verb:set package 'iwr6843_pub' build argument 'catkin_cmake_args' from command line to 'None'
[0.562s] Level 5:colcon.colcon_core.verb:set package 'iwr6843_pub' build argument 'catkin_skip_building_tests' from command line to 'False'
[0.562s] DEBUG:colcon.colcon_core.verb:Building package 'iwr6843_pub' with the following arguments: {'ament_cmake_args': None, 'build_base': '/home/jingyan/handhold_radar_test/build/iwr6843_pub', 'catkin_cmake_args': None, 'catkin_skip_building_tests': False, 'cmake_args': None, 'cmake_clean_cache': False, 'cmake_clean_first': False, 'cmake_force_configure': False, 'cmake_target': None, 'cmake_target_skip_unavailable': False, 'install_base': '/home/jingyan/handhold_radar_test/install/iwr6843_pub', 'merge_install': False, 'path': '/home/jingyan/handhold_radar_test/src/iwr6843_pub', 'symlink_install': False, 'test_result_base': None}
[0.564s] Level 5:colcon.colcon_core.verb:set package 'radar_cartographer' build argument 'cmake_args' from command line to 'None'
[0.564s] Level 5:colcon.colcon_core.verb:set package 'radar_cartographer' build argument 'cmake_target' from command line to 'None'
[0.564s] Level 5:colcon.colcon_core.verb:set package 'radar_cartographer' build argument 'cmake_target_skip_unavailable' from command line to 'False'
[0.564s] Level 5:colcon.colcon_core.verb:set package 'radar_cartographer' build argument 'cmake_clean_cache' from command line to 'False'
[0.564s] Level 5:colcon.colcon_core.verb:set package 'radar_cartographer' build argument 'cmake_clean_first' from command line to 'False'
[0.564s] Level 5:colcon.colcon_core.verb:set package 'radar_cartographer' build argument 'cmake_force_configure' from command line to 'False'
[0.564s] Level 5:colcon.colcon_core.verb:set package 'radar_cartographer' build argument 'ament_cmake_args' from command line to 'None'
[0.564s] Level 5:colcon.colcon_core.verb:set package 'radar_cartographer' build argument 'catkin_cmake_args' from command line to 'None'
[0.564s] Level 5:colcon.colcon_core.verb:set package 'radar_cartographer' build argument 'catkin_skip_building_tests' from command line to 'False'
[0.564s] DEBUG:colcon.colcon_core.verb:Building package 'radar_cartographer' with the following arguments: {'ament_cmake_args': None, 'build_base': '/home/jingyan/handhold_radar_test/build/radar_cartographer', 'catkin_cmake_args': None, 'catkin_skip_building_tests': False, 'cmake_args': None, 'cmake_clean_cache': False, 'cmake_clean_first': False, 'cmake_force_configure': False, 'cmake_target': None, 'cmake_target_skip_unavailable': False, 'install_base': '/home/jingyan/handhold_radar_test/install/radar_cartographer', 'merge_install': False, 'path': '/home/jingyan/handhold_radar_test/src/radar_cartographer', 'symlink_install': False, 'test_result_base': None}
[0.565s] INFO:colcon.colcon_core.executor:Executing jobs using 'parallel' executor
[0.571s] DEBUG:colcon.colcon_parallel_executor.executor.parallel:run_until_complete
[0.572s] INFO:colcon.colcon_ros.task.ament_python.build:Building ROS package in '/home/jingyan/handhold_radar_test/src/iwr6843_pub' with build type 'ament_python'
[0.572s] Level 1:colcon.colcon_core.shell:create_environment_hook('iwr6843_pub', 'ament_prefix_path')
[0.582s] INFO:colcon.colcon_core.plugin_system:Skipping extension 'colcon_core.shell.bat': Not used on non-Windows systems
[0.582s] INFO:colcon.colcon_core.shell:Creating environment hook '/home/jingyan/handhold_radar_test/install/iwr6843_pub/share/iwr6843_pub/hook/ament_prefix_path.ps1'
[0.583s] INFO:colcon.colcon_core.shell:Creating environment descriptor '/home/jingyan/handhold_radar_test/install/iwr6843_pub/share/iwr6843_pub/hook/ament_prefix_path.dsv'
[0.584s] INFO:colcon.colcon_core.shell:Creating environment hook '/home/jingyan/handhold_radar_test/install/iwr6843_pub/share/iwr6843_pub/hook/ament_prefix_path.sh'
[0.587s] INFO:colcon.colcon_core.shell:Skip shell extension 'powershell' for command environment: Not usable outside of PowerShell
[0.587s] DEBUG:colcon.colcon_core.shell:Skip shell extension 'dsv' for command environment
[0.597s] INFO:colcon.colcon_ros.task.ament_cmake.build:Building ROS package in '/home/jingyan/handhold_radar_test/src/radar_cartographer' with build type 'ament_cmake'
[0.597s] INFO:colcon.colcon_cmake.task.cmake.build:Building CMake package in '/home/jingyan/handhold_radar_test/src/radar_cartographer'
[0.600s] INFO:colcon.colcon_core.shell:Skip shell extension 'powershell' for command environment: Not usable outside of PowerShell
[0.600s] DEBUG:colcon.colcon_core.shell:Skip shell extension 'dsv' for command environment
[0.932s] INFO:colcon.colcon_core.task.python.build:Building Python package in '/home/jingyan/handhold_radar_test/src/iwr6843_pub'
[0.936s] INFO:colcon.colcon_core.shell:Skip shell extension 'powershell' for command environment: Not usable outside of PowerShell
[0.936s] DEBUG:colcon.colcon_core.shell:Skip shell extension 'dsv' for command environment
[0.957s] DEBUG:colcon.colcon_core.event_handler.log_command:Invoking command in '/home/jingyan/handhold_radar_test/build/radar_cartographer': CMAKE_PREFIX_PATH=/opt/ros/foxy /usr/bin/cmake --build /home/jingyan/handhold_radar_test/build/radar_cartographer -- -j16 -l16
[1.085s] DEBUG:colcon.colcon_core.event_handler.log_command:Invoked command in '/home/jingyan/handhold_radar_test/build/radar_cartographer' returned '0': CMAKE_PREFIX_PATH=/opt/ros/foxy /usr/bin/cmake --build /home/jingyan/handhold_radar_test/build/radar_cartographer -- -j16 -l16
[1.140s] DEBUG:colcon.colcon_core.event_handler.log_command:Invoking command in '/home/jingyan/handhold_radar_test/build/radar_cartographer': CMAKE_PREFIX_PATH=/opt/ros/foxy /usr/bin/cmake --install /home/jingyan/handhold_radar_test/build/radar_cartographer
[1.161s] Level 1:colcon.colcon_core.environment:create_environment_scripts_only(radar_cartographer)
[1.163s] DEBUG:colcon.colcon_core.event_handler.log_command:Invoked command in '/home/jingyan/handhold_radar_test/build/radar_cartographer' returned '0': CMAKE_PREFIX_PATH=/opt/ros/foxy /usr/bin/cmake --install /home/jingyan/handhold_radar_test/build/radar_cartographer
[1.177s] Level 1:colcon.colcon_core.environment:checking '/home/jingyan/handhold_radar_test/install/radar_cartographer' for CMake module files
[1.178s] Level 1:colcon.colcon_core.environment:checking '/home/jingyan/handhold_radar_test/install/radar_cartographer' for CMake config files
[1.179s] Level 1:colcon.colcon_core.shell:create_environment_hook('radar_cartographer', 'cmake_prefix_path')
[1.182s] INFO:colcon.colcon_core.shell:Creating environment hook '/home/jingyan/handhold_radar_test/install/radar_cartographer/share/radar_cartographer/hook/cmake_prefix_path.ps1'
[1.183s] INFO:colcon.colcon_core.shell:Creating environment descriptor '/home/jingyan/handhold_radar_test/install/radar_cartographer/share/radar_cartographer/hook/cmake_prefix_path.dsv'
[1.183s] INFO:colcon.colcon_core.shell:Creating environment hook '/home/jingyan/handhold_radar_test/install/radar_cartographer/share/radar_cartographer/hook/cmake_prefix_path.sh'
[1.184s] Level 1:colcon.colcon_core.environment:checking '/home/jingyan/handhold_radar_test/install/radar_cartographer/bin'
[1.185s] Level 1:colcon.colcon_core.environment:checking '/home/jingyan/handhold_radar_test/install/radar_cartographer/lib/pkgconfig/radar_cartographer.pc'
[1.185s] Level 1:colcon.colcon_core.environment:checking '/home/jingyan/handhold_radar_test/install/radar_cartographer/lib/python3.8/site-packages'
[1.185s] Level 1:colcon.colcon_core.environment:checking '/home/jingyan/handhold_radar_test/install/radar_cartographer/bin'
[1.188s] INFO:colcon.colcon_core.shell:Creating package script '/home/jingyan/handhold_radar_test/install/radar_cartographer/share/radar_cartographer/package.ps1'
[1.189s] INFO:colcon.colcon_core.shell:Creating package descriptor '/home/jingyan/handhold_radar_test/install/radar_cartographer/share/radar_cartographer/package.dsv'
[1.190s] INFO:colcon.colcon_core.shell:Creating package script '/home/jingyan/handhold_radar_test/install/radar_cartographer/share/radar_cartographer/package.sh'
[1.191s] INFO:colcon.colcon_core.shell:Creating package script '/home/jingyan/handhold_radar_test/install/radar_cartographer/share/radar_cartographer/package.bash'
[1.193s] INFO:colcon.colcon_core.shell:Creating package script '/home/jingyan/handhold_radar_test/install/radar_cartographer/share/radar_cartographer/package.zsh'
[1.194s] Level 1:colcon.colcon_core.environment:create_file_with_runtime_dependencies(/home/jingyan/handhold_radar_test/install/radar_cartographer/share/colcon-core/packages/radar_cartographer)
[1.234s] Level 1:colcon.colcon_core.environment:create_environment_scripts_only(radar_cartographer)
[1.238s] Level 1:colcon.colcon_core.environment:checking '/home/jingyan/handhold_radar_test/install/radar_cartographer' for CMake module files
[1.239s] Level 1:colcon.colcon_core.environment:checking '/home/jingyan/handhold_radar_test/install/radar_cartographer' for CMake config files
[1.239s] Level 1:colcon.colcon_core.shell:create_environment_hook('radar_cartographer', 'cmake_prefix_path')
[1.241s] INFO:colcon.colcon_core.shell:Creating environment hook '/home/jingyan/handhold_radar_test/install/radar_cartographer/share/radar_cartographer/hook/cmake_prefix_path.ps1'
[1.242s] INFO:colcon.colcon_core.shell:Creating environment descriptor '/home/jingyan/handhold_radar_test/install/radar_cartographer/share/radar_cartographer/hook/cmake_prefix_path.dsv'
[1.242s] INFO:colcon.colcon_core.shell:Creating environment hook '/home/jingyan/handhold_radar_test/install/radar_cartographer/share/radar_cartographer/hook/cmake_prefix_path.sh'
[1.243s] Level 1:colcon.colcon_core.environment:checking '/home/jingyan/handhold_radar_test/install/radar_cartographer/bin'
[1.243s] Level 1:colcon.colcon_core.environment:checking '/home/jingyan/handhold_radar_test/install/radar_cartographer/lib/pkgconfig/radar_cartographer.pc'
[1.243s] Level 1:colcon.colcon_core.environment:checking '/home/jingyan/handhold_radar_test/install/radar_cartographer/lib/python3.8/site-packages'
[1.243s] Level 1:colcon.colcon_core.environment:checking '/home/jingyan/handhold_radar_test/install/radar_cartographer/bin'
[1.245s] INFO:colcon.colcon_core.shell:Creating package script '/home/jingyan/handhold_radar_test/install/radar_cartographer/share/radar_cartographer/package.ps1'
[1.246s] INFO:colcon.colcon_core.shell:Creating package descriptor '/home/jingyan/handhold_radar_test/install/radar_cartographer/share/radar_cartographer/package.dsv'
[1.247s] INFO:colcon.colcon_core.shell:Creating package script '/home/jingyan/handhold_radar_test/install/radar_cartographer/share/radar_cartographer/package.sh'
[1.248s] INFO:colcon.colcon_core.shell:Creating package script '/home/jingyan/handhold_radar_test/install/radar_cartographer/share/radar_cartographer/package.bash'
[1.249s] INFO:colcon.colcon_core.shell:Creating package script '/home/jingyan/handhold_radar_test/install/radar_cartographer/share/radar_cartographer/package.zsh'
[1.250s] Level 1:colcon.colcon_core.environment:create_file_with_runtime_dependencies(/home/jingyan/handhold_radar_test/install/radar_cartographer/share/colcon-core/packages/radar_cartographer)
[1.568s] DEBUG:colcon.colcon_core.event_handler.log_command:Invoking command in '/home/jingyan/handhold_radar_test/src/iwr6843_pub': PYTHONPATH=/home/jingyan/handhold_radar_test/install/iwr6843_pub/lib/python3.8/site-packages:${PYTHONPATH} /usr/bin/python3 setup.py egg_info --egg-base ../../build/iwr6843_pub build --build-base /home/jingyan/handhold_radar_test/build/iwr6843_pub/build install --prefix /home/jingyan/handhold_radar_test/install/iwr6843_pub --record /home/jingyan/handhold_radar_test/build/iwr6843_pub/install.log --single-version-externally-managed
[1.923s] Level 1:colcon.colcon_core.environment:checking '/home/jingyan/handhold_radar_test/install/iwr6843_pub' for CMake module files
[1.924s] DEBUG:colcon.colcon_core.event_handler.log_command:Invoked command in '/home/jingyan/handhold_radar_test/src/iwr6843_pub' returned '0': PYTHONPATH=/home/jingyan/handhold_radar_test/install/iwr6843_pub/lib/python3.8/site-packages:${PYTHONPATH} /usr/bin/python3 setup.py egg_info --egg-base ../../build/iwr6843_pub build --build-base /home/jingyan/handhold_radar_test/build/iwr6843_pub/build install --prefix /home/jingyan/handhold_radar_test/install/iwr6843_pub --record /home/jingyan/handhold_radar_test/build/iwr6843_pub/install.log --single-version-externally-managed
[1.924s] Level 1:colcon.colcon_core.environment:checking '/home/jingyan/handhold_radar_test/install/iwr6843_pub' for CMake config files
[1.925s] Level 1:colcon.colcon_core.environment:checking '/home/jingyan/handhold_radar_test/install/iwr6843_pub/lib'
[1.925s] Level 1:colcon.colcon_core.environment:checking '/home/jingyan/handhold_radar_test/install/iwr6843_pub/bin'
[1.925s] Level 1:colcon.colcon_core.environment:checking '/home/jingyan/handhold_radar_test/install/iwr6843_pub/lib/pkgconfig/iwr6843_pub.pc'
[1.926s] Level 1:colcon.colcon_core.environment:checking '/home/jingyan/handhold_radar_test/install/iwr6843_pub/lib/python3.8/site-packages'
[1.926s] Level 1:colcon.colcon_core.shell:create_environment_hook('iwr6843_pub', 'pythonpath')
[1.928s] INFO:colcon.colcon_core.shell:Creating environment hook '/home/jingyan/handhold_radar_test/install/iwr6843_pub/share/iwr6843_pub/hook/pythonpath.ps1'
[1.928s] INFO:colcon.colcon_core.shell:Creating environment descriptor '/home/jingyan/handhold_radar_test/install/iwr6843_pub/share/iwr6843_pub/hook/pythonpath.dsv'
[1.929s] INFO:colcon.colcon_core.shell:Creating environment hook '/home/jingyan/handhold_radar_test/install/iwr6843_pub/share/iwr6843_pub/hook/pythonpath.sh'
[1.929s] Level 1:colcon.colcon_core.environment:checking '/home/jingyan/handhold_radar_test/install/iwr6843_pub/bin'
[1.929s] Level 1:colcon.colcon_core.environment:create_environment_scripts_only(iwr6843_pub)
[1.931s] INFO:colcon.colcon_core.shell:Creating package script '/home/jingyan/handhold_radar_test/install/iwr6843_pub/share/iwr6843_pub/package.ps1'
[1.932s] INFO:colcon.colcon_core.shell:Creating package descriptor '/home/jingyan/handhold_radar_test/install/iwr6843_pub/share/iwr6843_pub/package.dsv'
[1.932s] INFO:colcon.colcon_core.shell:Creating package script '/home/jingyan/handhold_radar_test/install/iwr6843_pub/share/iwr6843_pub/package.sh'
[1.933s] INFO:colcon.colcon_core.shell:Creating package script '/home/jingyan/handhold_radar_test/install/iwr6843_pub/share/iwr6843_pub/package.bash'
[1.933s] INFO:colcon.colcon_core.shell:Creating package script '/home/jingyan/handhold_radar_test/install/iwr6843_pub/share/iwr6843_pub/package.zsh'
[1.934s] Level 1:colcon.colcon_core.environment:create_file_with_runtime_dependencies(/home/jingyan/handhold_radar_test/install/iwr6843_pub/share/colcon-core/packages/iwr6843_pub)
[1.934s] DEBUG:colcon.colcon_parallel_executor.executor.parallel:closing loop
[1.934s] DEBUG:colcon.colcon_parallel_executor.executor.parallel:loop closed
[1.934s] DEBUG:colcon.colcon_parallel_executor.executor.parallel:run_until_complete finished with '0'
[1.934s] DEBUG:colcon.colcon_core.event_reactor:joining thread
[1.946s] INFO:colcon.colcon_core.plugin_system:Skipping extension 'colcon_notification.desktop_notification.terminal_notifier': Not used on non-Darwin systems
[1.946s] INFO:colcon.colcon_core.plugin_system:Skipping extension 'colcon_notification.desktop_notification.win32': Not used on non-Windows systems
[1.946s] INFO:colcon.colcon_notification.desktop_notification:Sending desktop notification using 'notify2'
[1.972s] DEBUG:colcon.colcon_core.event_reactor:joined thread
[1.975s] INFO:colcon.colcon_core.shell:Creating prefix script '/home/jingyan/handhold_radar_test/install/local_setup.ps1'
[1.976s] INFO:colcon.colcon_core.shell:Creating prefix util module '/home/jingyan/handhold_radar_test/install/_local_setup_util_ps1.py'
[1.978s] INFO:colcon.colcon_core.shell:Creating prefix chain script '/home/jingyan/handhold_radar_test/install/setup.ps1'
[1.981s] INFO:colcon.colcon_core.shell:Creating prefix script '/home/jingyan/handhold_radar_test/install/local_setup.sh'
[1.982s] INFO:colcon.colcon_core.shell:Creating prefix util module '/home/jingyan/handhold_radar_test/install/_local_setup_util_sh.py'
[1.983s] INFO:colcon.colcon_core.shell:Creating prefix chain script '/home/jingyan/handhold_radar_test/install/setup.sh'
[1.985s] INFO:colcon.colcon_core.shell:Creating prefix script '/home/jingyan/handhold_radar_test/install/local_setup.bash'
[1.986s] INFO:colcon.colcon_core.shell:Creating prefix chain script '/home/jingyan/handhold_radar_test/install/setup.bash'
[1.988s] INFO:colcon.colcon_core.shell:Creating prefix script '/home/jingyan/handhold_radar_test/install/local_setup.zsh'
[1.988s] INFO:colcon.colcon_core.shell:Creating prefix chain script '/home/jingyan/handhold_radar_test/install/setup.zsh'
