[0.742s] Invoking command in '/home/jingyan/handhold_radar_test/src/iwr6843_pub': PYTHONPATH=/home/jingyan/handhold_radar_test/install/iwr6843_pub/lib/python3.8/site-packages:${PYTHONPATH} /usr/bin/python3 setup.py egg_info --egg-base ../../build/iwr6843_pub build --build-base /home/jingyan/handhold_radar_test/build/iwr6843_pub/build install --prefix /home/jingyan/handhold_radar_test/install/iwr6843_pub --record /home/jingyan/handhold_radar_test/build/iwr6843_pub/install.log --single-version-externally-managed
[0.934s] /usr/local/lib/python3.8/dist-packages/setuptools/dist.py:771: UserWarning: Usage of dash-separated 'script-dir' will not be supported in future versions. Please use the underscore name 'script_dir' instead
[0.935s]   warnings.warn(
[0.935s] /usr/local/lib/python3.8/dist-packages/setuptools/dist.py:771: UserWarning: Usage of dash-separated 'install-scripts' will not be supported in future versions. Please use the underscore name 'install_scripts' instead
[0.935s]   warnings.warn(
[0.996s] running egg_info
[1.004s] writing ../../build/iwr6843_pub/iwr6843_pub.egg-info/PKG-INFO
[1.004s] writing dependency_links to ../../build/iwr6843_pub/iwr6843_pub.egg-info/dependency_links.txt
[1.005s] writing entry points to ../../build/iwr6843_pub/iwr6843_pub.egg-info/entry_points.txt
[1.005s] writing requirements to ../../build/iwr6843_pub/iwr6843_pub.egg-info/requires.txt
[1.005s] writing top-level names to ../../build/iwr6843_pub/iwr6843_pub.egg-info/top_level.txt
[1.025s] reading manifest file '../../build/iwr6843_pub/iwr6843_pub.egg-info/SOURCES.txt'
[1.026s] writing manifest file '../../build/iwr6843_pub/iwr6843_pub.egg-info/SOURCES.txt'
[1.026s] running build
[1.026s] running build_py
[1.026s] creating /home/jingyan/handhold_radar_test/build/iwr6843_pub/build
[1.027s] creating /home/jingyan/handhold_radar_test/build/iwr6843_pub/build/lib
[1.027s] creating /home/jingyan/handhold_radar_test/build/iwr6843_pub/build/lib/iwr6843_pub
[1.027s] copying iwr6843_pub/__init__.py -> /home/jingyan/handhold_radar_test/build/iwr6843_pub/build/lib/iwr6843_pub
[1.027s] copying iwr6843_pub/publisher_member_function.py -> /home/jingyan/handhold_radar_test/build/iwr6843_pub/build/lib/iwr6843_pub
[1.027s] running install
[1.027s] /usr/local/lib/python3.8/dist-packages/setuptools/command/install.py:34: SetuptoolsDeprecationWarning: setup.py install is deprecated. Use build and pip and other standards-based tools.
[1.027s]   warnings.warn(
[1.031s] running install_lib
[1.040s] creating /home/jingyan/handhold_radar_test/install/iwr6843_pub/lib/python3.8/site-packages/iwr6843_pub
[1.040s] copying /home/jingyan/handhold_radar_test/build/iwr6843_pub/build/lib/iwr6843_pub/__init__.py -> /home/jingyan/handhold_radar_test/install/iwr6843_pub/lib/python3.8/site-packages/iwr6843_pub
[1.040s] copying /home/jingyan/handhold_radar_test/build/iwr6843_pub/build/lib/iwr6843_pub/publisher_member_function.py -> /home/jingyan/handhold_radar_test/install/iwr6843_pub/lib/python3.8/site-packages/iwr6843_pub
[1.040s] byte-compiling /home/jingyan/handhold_radar_test/install/iwr6843_pub/lib/python3.8/site-packages/iwr6843_pub/__init__.py to __init__.cpython-38.pyc
[1.041s] byte-compiling /home/jingyan/handhold_radar_test/install/iwr6843_pub/lib/python3.8/site-packages/iwr6843_pub/publisher_member_function.py to publisher_member_function.cpython-38.pyc
[1.042s] running install_data
[1.050s] creating /home/jingyan/handhold_radar_test/install/iwr6843_pub/share/ament_index
[1.050s] creating /home/jingyan/handhold_radar_test/install/iwr6843_pub/share/ament_index/resource_index
[1.051s] creating /home/jingyan/handhold_radar_test/install/iwr6843_pub/share/ament_index/resource_index/packages
[1.051s] error: can't copy 'resource/iwr6843_pub': doesn't exist or not a regular file
[1.088s] Invoked command in '/home/jingyan/handhold_radar_test/src/iwr6843_pub' returned '1': PYTHONPATH=/home/jingyan/handhold_radar_test/install/iwr6843_pub/lib/python3.8/site-packages:${PYTHONPATH} /usr/bin/python3 setup.py egg_info --egg-base ../../build/iwr6843_pub build --build-base /home/jingyan/handhold_radar_test/build/iwr6843_pub/build install --prefix /home/jingyan/handhold_radar_test/install/iwr6843_pub --record /home/jingyan/handhold_radar_test/build/iwr6843_pub/install.log --single-version-externally-managed
