[0.535s] Invoking command in '/home/jingyan/handhold_radar_test/src/iwr6843_pub': PYTHONPATH=/home/jingyan/handhold_radar_test/install/iwr6843_pub/lib/python3.8/site-packages:${PYTHONPATH} /usr/bin/python3 setup.py egg_info --egg-base ../../build/iwr6843_pub build --build-base /home/jingyan/handhold_radar_test/build/iwr6843_pub/build install --prefix /home/jingyan/handhold_radar_test/install/iwr6843_pub --record /home/jingyan/handhold_radar_test/build/iwr6843_pub/install.log --single-version-externally-managed
[0.694s] /home/jingyan/.local/lib/python3.8/site-packages/setuptools/dist.py:717: UserWarning: Usage of dash-separated 'script-dir' will not be supported in future versions. Please use the underscore name 'script_dir' instead
[0.694s]   warnings.warn(
[0.695s] /home/jingyan/.local/lib/python3.8/site-packages/setuptools/dist.py:717: UserWarning: Usage of dash-separated 'install-scripts' will not be supported in future versions. Please use the underscore name 'install_scripts' instead
[0.695s]   warnings.warn(
[0.714s] running egg_info
[0.717s] writing manifest file '../../build/iwr6843_pub/iwr6843_pub.egg-info/SOURCES.txt'
[0.717s] running build
[0.717s] running build_py
[0.717s] running install
[0.718s] running install_lib
[0.718s] byte-compiling /home/jingyan/handhold_radar_test/install/iwr6843_pub/lib/python3.8/site-packages/iwr6843_pub/Ros2bag_time_update.py to Ros2bag_time_update.cpython-38.pyc
[0.719s]   File "/home/jingyan/handhold_radar_test/install/iwr6843_pub/lib/python3.8/site-packages/iwr6843_pub/Ros2bag_time_update.py", line 34
[0.719s]     using namespace std::chrono_literals;
[0.719s]           ^
[0.719s] SyntaxError: invalid syntax
[0.719s] 
[0.719s] running install_data
[0.720s] running install_egg_info
[0.720s] removing '/home/jingyan/handhold_radar_test/install/iwr6843_pub/lib/python3.8/site-packages/iwr6843_pub-0.0.0-py3.8.egg-info' (and everything under it)
[0.720s] Copying ../../build/iwr6843_pub/iwr6843_pub.egg-info to /home/jingyan/handhold_radar_test/install/iwr6843_pub/lib/python3.8/site-packages/iwr6843_pub-0.0.0-py3.8.egg-info
[0.720s] running install_scripts
[0.734s] writing list of installed files to '/home/jingyan/handhold_radar_test/build/iwr6843_pub/install.log'
[0.759s] Invoked command in '/home/jingyan/handhold_radar_test/src/iwr6843_pub' returned '0': PYTHONPATH=/home/jingyan/handhold_radar_test/install/iwr6843_pub/lib/python3.8/site-packages:${PYTHONPATH} /usr/bin/python3 setup.py egg_info --egg-base ../../build/iwr6843_pub build --build-base /home/jingyan/handhold_radar_test/build/iwr6843_pub/build install --prefix /home/jingyan/handhold_radar_test/install/iwr6843_pub --record /home/jingyan/handhold_radar_test/build/iwr6843_pub/install.log --single-version-externally-managed
