[0.202s] DEBUG:colcon:Command line arguments: ['/usr/bin/colcon', 'build']
[0.203s] DEBUG:colcon:Parsed command line arguments: Namespace(allow_overriding=[], ament_cmake_args=None, base_paths=['.'], build_base='build', catkin_cmake_args=None, catkin_skip_building_tests=False, cmake_args=None, cmake_clean_cache=False, cmake_clean_first=False, cmake_force_configure=False, cmake_target=None, cmake_target_skip_unavailable=False, continue_on_error=False, event_handlers=None, executor='parallel', ignore_user_meta=False, install_base='install', log_base=None, log_level=None, main=<bound method BuildVerb.main of <colcon_core.verb.build.BuildVerb object at 0x7f506e04c1c0>>, merge_install=False, metas=['./colcon.meta'], packages_above=None, packages_above_and_dependencies=None, packages_above_depth=None, packages_end=None, packages_ignore=None, packages_ignore_regex=None, packages_select=None, packages_select_build_failed=False, packages_select_by_dep=None, packages_select_regex=None, packages_select_test_failures=False, packages_skip=None, packages_skip_build_finished=False, packages_skip_by_dep=None, packages_skip_regex=None, packages_skip_test_passed=False, packages_skip_up_to=None, packages_start=None, packages_up_to=None, packages_up_to_regex=None, parallel_workers=16, paths=None, symlink_install=False, test_result_base=None, verb_extension=<colcon_core.verb.build.BuildVerb object at 0x7f506e04c1c0>, verb_name='build', verb_parser=<colcon_defaults.argument_parser.defaults.DefaultArgumentsDecorator object at 0x7f506e04c700>)
[0.254s] Level 1:colcon.colcon_core.package_discovery:discover_packages(colcon_meta) check parameters
[0.254s] Level 1:colcon.colcon_core.package_discovery:discover_packages(recursive) check parameters
[0.254s] Level 1:colcon.colcon_core.package_discovery:discover_packages(ignore) check parameters
[0.254s] Level 1:colcon.colcon_core.package_discovery:discover_packages(path) check parameters
[0.254s] Level 1:colcon.colcon_core.package_discovery:discover_packages(colcon_meta) discover
[0.254s] Level 1:colcon.colcon_core.package_discovery:discover_packages(recursive) discover
[0.254s] INFO:colcon.colcon_core.package_discovery:Crawling recursively for packages in '/home/jingyan/handhold_radar_test'
[0.255s] Level 1:colcon.colcon_core.package_identification:_identify(.) by extensions ['ignore', 'ignore_ament_install']
[0.255s] Level 1:colcon.colcon_core.package_identification:_identify(.) by extension 'ignore'
[0.255s] Level 1:colcon.colcon_core.package_identification:_identify(.) by extension 'ignore_ament_install'
[0.255s] Level 1:colcon.colcon_core.package_identification:_identify(.) by extensions ['colcon_pkg']
[0.255s] Level 1:colcon.colcon_core.package_identification:_identify(.) by extension 'colcon_pkg'
[0.255s] Level 1:colcon.colcon_core.package_identification:_identify(.) by extensions ['colcon_meta']
[0.255s] Level 1:colcon.colcon_core.package_identification:_identify(.) by extension 'colcon_meta'
[0.255s] Level 1:colcon.colcon_core.package_identification:_identify(.) by extensions ['ros']
[0.255s] Level 1:colcon.colcon_core.package_identification:_identify(.) by extension 'ros'
[0.269s] Level 1:colcon.colcon_core.package_identification:_identify(.) by extensions ['cmake', 'python']
[0.269s] Level 1:colcon.colcon_core.package_identification:_identify(.) by extension 'cmake'
[0.269s] Level 1:colcon.colcon_core.package_identification:_identify(.) by extension 'python'
[0.269s] Level 1:colcon.colcon_core.package_identification:_identify(.) by extensions ['python_setup_py']
[0.269s] Level 1:colcon.colcon_core.package_identification:_identify(.) by extension 'python_setup_py'
[0.269s] Level 1:colcon.colcon_core.package_identification:_identify(SLAMDATA11) by extensions ['ignore', 'ignore_ament_install']
[0.269s] Level 1:colcon.colcon_core.package_identification:_identify(SLAMDATA11) by extension 'ignore'
[0.269s] Level 1:colcon.colcon_core.package_identification:_identify(SLAMDATA11) by extension 'ignore_ament_install'
[0.269s] Level 1:colcon.colcon_core.package_identification:_identify(SLAMDATA11) by extensions ['colcon_pkg']
[0.269s] Level 1:colcon.colcon_core.package_identification:_identify(SLAMDATA11) by extension 'colcon_pkg'
[0.269s] Level 1:colcon.colcon_core.package_identification:_identify(SLAMDATA11) by extensions ['colcon_meta']
[0.269s] Level 1:colcon.colcon_core.package_identification:_identify(SLAMDATA11) by extension 'colcon_meta'
[0.269s] Level 1:colcon.colcon_core.package_identification:_identify(SLAMDATA11) by extensions ['ros']
[0.270s] Level 1:colcon.colcon_core.package_identification:_identify(SLAMDATA11) by extension 'ros'
[0.270s] Level 1:colcon.colcon_core.package_identification:_identify(SLAMDATA11) by extensions ['cmake', 'python']
[0.270s] Level 1:colcon.colcon_core.package_identification:_identify(SLAMDATA11) by extension 'cmake'
[0.270s] Level 1:colcon.colcon_core.package_identification:_identify(SLAMDATA11) by extension 'python'
[0.270s] Level 1:colcon.colcon_core.package_identification:_identify(SLAMDATA11) by extensions ['python_setup_py']
[0.270s] Level 1:colcon.colcon_core.package_identification:_identify(SLAMDATA11) by extension 'python_setup_py'
[0.270s] Level 1:colcon.colcon_core.package_identification:_identify(SLAMDATA12) by extensions ['ignore', 'ignore_ament_install']
[0.270s] Level 1:colcon.colcon_core.package_identification:_identify(SLAMDATA12) by extension 'ignore'
[0.270s] Level 1:colcon.colcon_core.package_identification:_identify(SLAMDATA12) by extension 'ignore_ament_install'
[0.270s] Level 1:colcon.colcon_core.package_identification:_identify(SLAMDATA12) by extensions ['colcon_pkg']
[0.270s] Level 1:colcon.colcon_core.package_identification:_identify(SLAMDATA12) by extension 'colcon_pkg'
[0.270s] Level 1:colcon.colcon_core.package_identification:_identify(SLAMDATA12) by extensions ['colcon_meta']
[0.270s] Level 1:colcon.colcon_core.package_identification:_identify(SLAMDATA12) by extension 'colcon_meta'
[0.270s] Level 1:colcon.colcon_core.package_identification:_identify(SLAMDATA12) by extensions ['ros']
[0.270s] Level 1:colcon.colcon_core.package_identification:_identify(SLAMDATA12) by extension 'ros'
[0.270s] Level 1:colcon.colcon_core.package_identification:_identify(SLAMDATA12) by extensions ['cmake', 'python']
[0.270s] Level 1:colcon.colcon_core.package_identification:_identify(SLAMDATA12) by extension 'cmake'
[0.270s] Level 1:colcon.colcon_core.package_identification:_identify(SLAMDATA12) by extension 'python'
[0.271s] Level 1:colcon.colcon_core.package_identification:_identify(SLAMDATA12) by extensions ['python_setup_py']
[0.271s] Level 1:colcon.colcon_core.package_identification:_identify(SLAMDATA12) by extension 'python_setup_py'
[0.271s] Level 1:colcon.colcon_core.package_identification:_identify(SLAMDATA15) by extensions ['ignore', 'ignore_ament_install']
[0.271s] Level 1:colcon.colcon_core.package_identification:_identify(SLAMDATA15) by extension 'ignore'
[0.271s] Level 1:colcon.colcon_core.package_identification:_identify(SLAMDATA15) by extension 'ignore_ament_install'
[0.271s] Level 1:colcon.colcon_core.package_identification:_identify(SLAMDATA15) by extensions ['colcon_pkg']
[0.271s] Level 1:colcon.colcon_core.package_identification:_identify(SLAMDATA15) by extension 'colcon_pkg'
[0.271s] Level 1:colcon.colcon_core.package_identification:_identify(SLAMDATA15) by extensions ['colcon_meta']
[0.271s] Level 1:colcon.colcon_core.package_identification:_identify(SLAMDATA15) by extension 'colcon_meta'
[0.271s] Level 1:colcon.colcon_core.package_identification:_identify(SLAMDATA15) by extensions ['ros']
[0.271s] Level 1:colcon.colcon_core.package_identification:_identify(SLAMDATA15) by extension 'ros'
[0.271s] Level 1:colcon.colcon_core.package_identification:_identify(SLAMDATA15) by extensions ['cmake', 'python']
[0.271s] Level 1:colcon.colcon_core.package_identification:_identify(SLAMDATA15) by extension 'cmake'
[0.271s] Level 1:colcon.colcon_core.package_identification:_identify(SLAMDATA15) by extension 'python'
[0.271s] Level 1:colcon.colcon_core.package_identification:_identify(SLAMDATA15) by extensions ['python_setup_py']
[0.271s] Level 1:colcon.colcon_core.package_identification:_identify(SLAMDATA15) by extension 'python_setup_py'
[0.271s] Level 1:colcon.colcon_core.package_identification:_identify(SLAMDATA16) by extensions ['ignore', 'ignore_ament_install']
[0.272s] Level 1:colcon.colcon_core.package_identification:_identify(SLAMDATA16) by extension 'ignore'
[0.272s] Level 1:colcon.colcon_core.package_identification:_identify(SLAMDATA16) by extension 'ignore_ament_install'
[0.272s] Level 1:colcon.colcon_core.package_identification:_identify(SLAMDATA16) by extensions ['colcon_pkg']
[0.272s] Level 1:colcon.colcon_core.package_identification:_identify(SLAMDATA16) by extension 'colcon_pkg'
[0.272s] Level 1:colcon.colcon_core.package_identification:_identify(SLAMDATA16) by extensions ['colcon_meta']
[0.272s] Level 1:colcon.colcon_core.package_identification:_identify(SLAMDATA16) by extension 'colcon_meta'
[0.272s] Level 1:colcon.colcon_core.package_identification:_identify(SLAMDATA16) by extensions ['ros']
[0.272s] Level 1:colcon.colcon_core.package_identification:_identify(SLAMDATA16) by extension 'ros'
[0.272s] Level 1:colcon.colcon_core.package_identification:_identify(SLAMDATA16) by extensions ['cmake', 'python']
[0.272s] Level 1:colcon.colcon_core.package_identification:_identify(SLAMDATA16) by extension 'cmake'
[0.272s] Level 1:colcon.colcon_core.package_identification:_identify(SLAMDATA16) by extension 'python'
[0.272s] Level 1:colcon.colcon_core.package_identification:_identify(SLAMDATA16) by extensions ['python_setup_py']
[0.272s] Level 1:colcon.colcon_core.package_identification:_identify(SLAMDATA16) by extension 'python_setup_py'
[0.272s] Level 1:colcon.colcon_core.package_identification:_identify(SLAMDATA17) by extensions ['ignore', 'ignore_ament_install']
[0.272s] Level 1:colcon.colcon_core.package_identification:_identify(SLAMDATA17) by extension 'ignore'
[0.272s] Level 1:colcon.colcon_core.package_identification:_identify(SLAMDATA17) by extension 'ignore_ament_install'
[0.272s] Level 1:colcon.colcon_core.package_identification:_identify(SLAMDATA17) by extensions ['colcon_pkg']
[0.273s] Level 1:colcon.colcon_core.package_identification:_identify(SLAMDATA17) by extension 'colcon_pkg'
[0.273s] Level 1:colcon.colcon_core.package_identification:_identify(SLAMDATA17) by extensions ['colcon_meta']
[0.273s] Level 1:colcon.colcon_core.package_identification:_identify(SLAMDATA17) by extension 'colcon_meta'
[0.273s] Level 1:colcon.colcon_core.package_identification:_identify(SLAMDATA17) by extensions ['ros']
[0.273s] Level 1:colcon.colcon_core.package_identification:_identify(SLAMDATA17) by extension 'ros'
[0.273s] Level 1:colcon.colcon_core.package_identification:_identify(SLAMDATA17) by extensions ['cmake', 'python']
[0.273s] Level 1:colcon.colcon_core.package_identification:_identify(SLAMDATA17) by extension 'cmake'
[0.273s] Level 1:colcon.colcon_core.package_identification:_identify(SLAMDATA17) by extension 'python'
[0.273s] Level 1:colcon.colcon_core.package_identification:_identify(SLAMDATA17) by extensions ['python_setup_py']
[0.273s] Level 1:colcon.colcon_core.package_identification:_identify(SLAMDATA17) by extension 'python_setup_py'
[0.273s] Level 1:colcon.colcon_core.package_identification:_identify(SLAMDATA18) by extensions ['ignore', 'ignore_ament_install']
[0.273s] Level 1:colcon.colcon_core.package_identification:_identify(SLAMDATA18) by extension 'ignore'
[0.273s] Level 1:colcon.colcon_core.package_identification:_identify(SLAMDATA18) by extension 'ignore_ament_install'
[0.273s] Level 1:colcon.colcon_core.package_identification:_identify(SLAMDATA18) by extensions ['colcon_pkg']
[0.273s] Level 1:colcon.colcon_core.package_identification:_identify(SLAMDATA18) by extension 'colcon_pkg'
[0.273s] Level 1:colcon.colcon_core.package_identification:_identify(SLAMDATA18) by extensions ['colcon_meta']
[0.273s] Level 1:colcon.colcon_core.package_identification:_identify(SLAMDATA18) by extension 'colcon_meta'
[0.273s] Level 1:colcon.colcon_core.package_identification:_identify(SLAMDATA18) by extensions ['ros']
[0.273s] Level 1:colcon.colcon_core.package_identification:_identify(SLAMDATA18) by extension 'ros'
[0.274s] Level 1:colcon.colcon_core.package_identification:_identify(SLAMDATA18) by extensions ['cmake', 'python']
[0.274s] Level 1:colcon.colcon_core.package_identification:_identify(SLAMDATA18) by extension 'cmake'
[0.274s] Level 1:colcon.colcon_core.package_identification:_identify(SLAMDATA18) by extension 'python'
[0.274s] Level 1:colcon.colcon_core.package_identification:_identify(SLAMDATA18) by extensions ['python_setup_py']
[0.274s] Level 1:colcon.colcon_core.package_identification:_identify(SLAMDATA18) by extension 'python_setup_py'
[0.274s] Level 1:colcon.colcon_core.package_identification:_identify(SLAMDATA19) by extensions ['ignore', 'ignore_ament_install']
[0.274s] Level 1:colcon.colcon_core.package_identification:_identify(SLAMDATA19) by extension 'ignore'
[0.274s] Level 1:colcon.colcon_core.package_identification:_identify(SLAMDATA19) by extension 'ignore_ament_install'
[0.274s] Level 1:colcon.colcon_core.package_identification:_identify(SLAMDATA19) by extensions ['colcon_pkg']
[0.274s] Level 1:colcon.colcon_core.package_identification:_identify(SLAMDATA19) by extension 'colcon_pkg'
[0.274s] Level 1:colcon.colcon_core.package_identification:_identify(SLAMDATA19) by extensions ['colcon_meta']
[0.274s] Level 1:colcon.colcon_core.package_identification:_identify(SLAMDATA19) by extension 'colcon_meta'
[0.274s] Level 1:colcon.colcon_core.package_identification:_identify(SLAMDATA19) by extensions ['ros']
[0.274s] Level 1:colcon.colcon_core.package_identification:_identify(SLAMDATA19) by extension 'ros'
[0.274s] Level 1:colcon.colcon_core.package_identification:_identify(SLAMDATA19) by extensions ['cmake', 'python']
[0.274s] Level 1:colcon.colcon_core.package_identification:_identify(SLAMDATA19) by extension 'cmake'
[0.274s] Level 1:colcon.colcon_core.package_identification:_identify(SLAMDATA19) by extension 'python'
[0.274s] Level 1:colcon.colcon_core.package_identification:_identify(SLAMDATA19) by extensions ['python_setup_py']
[0.274s] Level 1:colcon.colcon_core.package_identification:_identify(SLAMDATA19) by extension 'python_setup_py'
[0.275s] Level 1:colcon.colcon_core.package_identification:_identify(SLAMDATA20) by extensions ['ignore', 'ignore_ament_install']
[0.275s] Level 1:colcon.colcon_core.package_identification:_identify(SLAMDATA20) by extension 'ignore'
[0.275s] Level 1:colcon.colcon_core.package_identification:_identify(SLAMDATA20) by extension 'ignore_ament_install'
[0.275s] Level 1:colcon.colcon_core.package_identification:_identify(SLAMDATA20) by extensions ['colcon_pkg']
[0.275s] Level 1:colcon.colcon_core.package_identification:_identify(SLAMDATA20) by extension 'colcon_pkg'
[0.275s] Level 1:colcon.colcon_core.package_identification:_identify(SLAMDATA20) by extensions ['colcon_meta']
[0.275s] Level 1:colcon.colcon_core.package_identification:_identify(SLAMDATA20) by extension 'colcon_meta'
[0.275s] Level 1:colcon.colcon_core.package_identification:_identify(SLAMDATA20) by extensions ['ros']
[0.275s] Level 1:colcon.colcon_core.package_identification:_identify(SLAMDATA20) by extension 'ros'
[0.275s] Level 1:colcon.colcon_core.package_identification:_identify(SLAMDATA20) by extensions ['cmake', 'python']
[0.275s] Level 1:colcon.colcon_core.package_identification:_identify(SLAMDATA20) by extension 'cmake'
[0.275s] Level 1:colcon.colcon_core.package_identification:_identify(SLAMDATA20) by extension 'python'
[0.275s] Level 1:colcon.colcon_core.package_identification:_identify(SLAMDATA20) by extensions ['python_setup_py']
[0.275s] Level 1:colcon.colcon_core.package_identification:_identify(SLAMDATA20) by extension 'python_setup_py'
[0.275s] Level 1:colcon.colcon_core.package_identification:_identify(build) by extensions ['ignore', 'ignore_ament_install']
[0.275s] Level 1:colcon.colcon_core.package_identification:_identify(build) by extension 'ignore'
[0.276s] Level 1:colcon.colcon_core.package_identification:_identify(build) ignored
[0.276s] Level 1:colcon.colcon_core.package_identification:_identify(install) by extensions ['ignore', 'ignore_ament_install']
[0.276s] Level 1:colcon.colcon_core.package_identification:_identify(install) by extension 'ignore'
[0.276s] Level 1:colcon.colcon_core.package_identification:_identify(install) ignored
[0.276s] Level 1:colcon.colcon_core.package_identification:_identify(log) by extensions ['ignore', 'ignore_ament_install']
[0.276s] Level 1:colcon.colcon_core.package_identification:_identify(log) by extension 'ignore'
[0.276s] Level 1:colcon.colcon_core.package_identification:_identify(log) ignored
[0.276s] Level 1:colcon.colcon_core.package_identification:_identify(src) by extensions ['ignore', 'ignore_ament_install']
[0.276s] Level 1:colcon.colcon_core.package_identification:_identify(src) by extension 'ignore'
[0.276s] Level 1:colcon.colcon_core.package_identification:_identify(src) by extension 'ignore_ament_install'
[0.276s] Level 1:colcon.colcon_core.package_identification:_identify(src) by extensions ['colcon_pkg']
[0.276s] Level 1:colcon.colcon_core.package_identification:_identify(src) by extension 'colcon_pkg'
[0.276s] Level 1:colcon.colcon_core.package_identification:_identify(src) by extensions ['colcon_meta']
[0.277s] Level 1:colcon.colcon_core.package_identification:_identify(src) by extension 'colcon_meta'
[0.277s] Level 1:colcon.colcon_core.package_identification:_identify(src) by extensions ['ros']
[0.277s] Level 1:colcon.colcon_core.package_identification:_identify(src) by extension 'ros'
[0.277s] Level 1:colcon.colcon_core.package_identification:_identify(src) by extensions ['cmake', 'python']
[0.277s] Level 1:colcon.colcon_core.package_identification:_identify(src) by extension 'cmake'
[0.277s] Level 1:colcon.colcon_core.package_identification:_identify(src) by extension 'python'
[0.277s] Level 1:colcon.colcon_core.package_identification:_identify(src) by extensions ['python_setup_py']
[0.277s] Level 1:colcon.colcon_core.package_identification:_identify(src) by extension 'python_setup_py'
[0.277s] Level 1:colcon.colcon_core.package_identification:_identify(src/iwr6843_pub) by extensions ['ignore', 'ignore_ament_install']
[0.277s] Level 1:colcon.colcon_core.package_identification:_identify(src/iwr6843_pub) by extension 'ignore'
[0.277s] Level 1:colcon.colcon_core.package_identification:_identify(src/iwr6843_pub) by extension 'ignore_ament_install'
[0.277s] Level 1:colcon.colcon_core.package_identification:_identify(src/iwr6843_pub) by extensions ['colcon_pkg']
[0.277s] Level 1:colcon.colcon_core.package_identification:_identify(src/iwr6843_pub) by extension 'colcon_pkg'
[0.277s] Level 1:colcon.colcon_core.package_identification:_identify(src/iwr6843_pub) by extensions ['colcon_meta']
[0.277s] Level 1:colcon.colcon_core.package_identification:_identify(src/iwr6843_pub) by extension 'colcon_meta'
[0.277s] Level 1:colcon.colcon_core.package_identification:_identify(src/iwr6843_pub) by extensions ['ros']
[0.277s] Level 1:colcon.colcon_core.package_identification:_identify(src/iwr6843_pub) by extension 'ros'
[0.281s] DEBUG:colcon.colcon_core.package_identification:Package 'src/iwr6843_pub' with type 'ros.ament_python' and name 'iwr6843_pub'
[0.281s] Level 1:colcon.colcon_core.package_identification:_identify(src/radar_cartographer) by extensions ['ignore', 'ignore_ament_install']
[0.281s] Level 1:colcon.colcon_core.package_identification:_identify(src/radar_cartographer) by extension 'ignore'
[0.281s] Level 1:colcon.colcon_core.package_identification:_identify(src/radar_cartographer) by extension 'ignore_ament_install'
[0.281s] Level 1:colcon.colcon_core.package_identification:_identify(src/radar_cartographer) by extensions ['colcon_pkg']
[0.281s] Level 1:colcon.colcon_core.package_identification:_identify(src/radar_cartographer) by extension 'colcon_pkg'
[0.281s] Level 1:colcon.colcon_core.package_identification:_identify(src/radar_cartographer) by extensions ['colcon_meta']
[0.281s] Level 1:colcon.colcon_core.package_identification:_identify(src/radar_cartographer) by extension 'colcon_meta'
[0.281s] Level 1:colcon.colcon_core.package_identification:_identify(src/radar_cartographer) by extensions ['ros']
[0.282s] Level 1:colcon.colcon_core.package_identification:_identify(src/radar_cartographer) by extension 'ros'
[0.282s] DEBUG:colcon.colcon_core.package_identification:Package 'src/radar_cartographer' with type 'ros.ament_cmake' and name 'radar_cartographer'
[0.282s] Level 1:colcon.colcon_core.package_discovery:discover_packages(recursive) using defaults
[0.282s] Level 1:colcon.colcon_core.package_discovery:discover_packages(ignore) discover
[0.282s] Level 1:colcon.colcon_core.package_discovery:discover_packages(ignore) using defaults
[0.282s] Level 1:colcon.colcon_core.package_discovery:discover_packages(path) discover
[0.282s] Level 1:colcon.colcon_core.package_discovery:discover_packages(path) using defaults
[0.315s] Level 1:colcon.colcon_core.package_discovery:discover_packages(prefix_path) check parameters
[0.315s] Level 1:colcon.colcon_core.package_discovery:discover_packages(prefix_path) discover
[0.319s] DEBUG:colcon.colcon_installed_package_information.package_discovery:Found 316 installed packages in /opt/ros/foxy
[0.321s] Level 1:colcon.colcon_core.package_discovery:discover_packages(prefix_path) using defaults
[0.415s] Level 5:colcon.colcon_core.verb:set package 'iwr6843_pub' build argument 'cmake_args' from command line to 'None'
[0.416s] Level 5:colcon.colcon_core.verb:set package 'iwr6843_pub' build argument 'cmake_target' from command line to 'None'
[0.416s] Level 5:colcon.colcon_core.verb:set package 'iwr6843_pub' build argument 'cmake_target_skip_unavailable' from command line to 'False'
[0.416s] Level 5:colcon.colcon_core.verb:set package 'iwr6843_pub' build argument 'cmake_clean_cache' from command line to 'False'
[0.416s] Level 5:colcon.colcon_core.verb:set package 'iwr6843_pub' build argument 'cmake_clean_first' from command line to 'False'
[0.416s] Level 5:colcon.colcon_core.verb:set package 'iwr6843_pub' build argument 'cmake_force_configure' from command line to 'False'
[0.416s] Level 5:colcon.colcon_core.verb:set package 'iwr6843_pub' build argument 'ament_cmake_args' from command line to 'None'
[0.416s] Level 5:colcon.colcon_core.verb:set package 'iwr6843_pub' build argument 'catkin_cmake_args' from command line to 'None'
[0.416s] Level 5:colcon.colcon_core.verb:set package 'iwr6843_pub' build argument 'catkin_skip_building_tests' from command line to 'False'
[0.416s] DEBUG:colcon.colcon_core.verb:Building package 'iwr6843_pub' with the following arguments: {'ament_cmake_args': None, 'build_base': '/home/jingyan/handhold_radar_test/build/iwr6843_pub', 'catkin_cmake_args': None, 'catkin_skip_building_tests': False, 'cmake_args': None, 'cmake_clean_cache': False, 'cmake_clean_first': False, 'cmake_force_configure': False, 'cmake_target': None, 'cmake_target_skip_unavailable': False, 'install_base': '/home/jingyan/handhold_radar_test/install/iwr6843_pub', 'merge_install': False, 'path': '/home/jingyan/handhold_radar_test/src/iwr6843_pub', 'symlink_install': False, 'test_result_base': None}
[0.417s] Level 5:colcon.colcon_core.verb:set package 'radar_cartographer' build argument 'cmake_args' from command line to 'None'
[0.417s] Level 5:colcon.colcon_core.verb:set package 'radar_cartographer' build argument 'cmake_target' from command line to 'None'
[0.417s] Level 5:colcon.colcon_core.verb:set package 'radar_cartographer' build argument 'cmake_target_skip_unavailable' from command line to 'False'
[0.417s] Level 5:colcon.colcon_core.verb:set package 'radar_cartographer' build argument 'cmake_clean_cache' from command line to 'False'
[0.417s] Level 5:colcon.colcon_core.verb:set package 'radar_cartographer' build argument 'cmake_clean_first' from command line to 'False'
[0.417s] Level 5:colcon.colcon_core.verb:set package 'radar_cartographer' build argument 'cmake_force_configure' from command line to 'False'
[0.417s] Level 5:colcon.colcon_core.verb:set package 'radar_cartographer' build argument 'ament_cmake_args' from command line to 'None'
[0.417s] Level 5:colcon.colcon_core.verb:set package 'radar_cartographer' build argument 'catkin_cmake_args' from command line to 'None'
[0.417s] Level 5:colcon.colcon_core.verb:set package 'radar_cartographer' build argument 'catkin_skip_building_tests' from command line to 'False'
[0.417s] DEBUG:colcon.colcon_core.verb:Building package 'radar_cartographer' with the following arguments: {'ament_cmake_args': None, 'build_base': '/home/jingyan/handhold_radar_test/build/radar_cartographer', 'catkin_cmake_args': None, 'catkin_skip_building_tests': False, 'cmake_args': None, 'cmake_clean_cache': False, 'cmake_clean_first': False, 'cmake_force_configure': False, 'cmake_target': None, 'cmake_target_skip_unavailable': False, 'install_base': '/home/jingyan/handhold_radar_test/install/radar_cartographer', 'merge_install': False, 'path': '/home/jingyan/handhold_radar_test/src/radar_cartographer', 'symlink_install': False, 'test_result_base': None}
[0.419s] INFO:colcon.colcon_core.executor:Executing jobs using 'parallel' executor
[0.425s] DEBUG:colcon.colcon_parallel_executor.executor.parallel:run_until_complete
[0.425s] INFO:colcon.colcon_ros.task.ament_python.build:Building ROS package in '/home/jingyan/handhold_radar_test/src/iwr6843_pub' with build type 'ament_python'
[0.426s] Level 1:colcon.colcon_core.shell:create_environment_hook('iwr6843_pub', 'ament_prefix_path')
[0.435s] INFO:colcon.colcon_core.plugin_system:Skipping extension 'colcon_core.shell.bat': Not used on non-Windows systems
[0.435s] INFO:colcon.colcon_core.shell:Creating environment hook '/home/jingyan/handhold_radar_test/install/iwr6843_pub/share/iwr6843_pub/hook/ament_prefix_path.ps1'
[0.437s] INFO:colcon.colcon_core.shell:Creating environment descriptor '/home/jingyan/handhold_radar_test/install/iwr6843_pub/share/iwr6843_pub/hook/ament_prefix_path.dsv'
[0.438s] INFO:colcon.colcon_core.shell:Creating environment hook '/home/jingyan/handhold_radar_test/install/iwr6843_pub/share/iwr6843_pub/hook/ament_prefix_path.sh'
[0.442s] INFO:colcon.colcon_core.shell:Skip shell extension 'powershell' for command environment: Not usable outside of PowerShell
[0.442s] DEBUG:colcon.colcon_core.shell:Skip shell extension 'dsv' for command environment
[0.453s] INFO:colcon.colcon_ros.task.ament_cmake.build:Building ROS package in '/home/jingyan/handhold_radar_test/src/radar_cartographer' with build type 'ament_cmake'
[0.453s] INFO:colcon.colcon_cmake.task.cmake.build:Building CMake package in '/home/jingyan/handhold_radar_test/src/radar_cartographer'
[0.456s] INFO:colcon.colcon_core.shell:Skip shell extension 'powershell' for command environment: Not usable outside of PowerShell
[0.456s] DEBUG:colcon.colcon_core.shell:Skip shell extension 'dsv' for command environment
[0.821s] INFO:colcon.colcon_core.task.python.build:Building Python package in '/home/jingyan/handhold_radar_test/src/iwr6843_pub'
[0.826s] INFO:colcon.colcon_core.shell:Skip shell extension 'powershell' for command environment: Not usable outside of PowerShell
[0.826s] DEBUG:colcon.colcon_core.shell:Skip shell extension 'dsv' for command environment
[0.844s] DEBUG:colcon.colcon_core.event_handler.log_command:Invoking command in '/home/jingyan/handhold_radar_test/build/radar_cartographer': CMAKE_PREFIX_PATH=/opt/ros/foxy /usr/bin/cmake --build /home/jingyan/handhold_radar_test/build/radar_cartographer -- -j16 -l16
[0.907s] DEBUG:colcon.colcon_core.event_handler.log_command:Invoked command in '/home/jingyan/handhold_radar_test/build/radar_cartographer' returned '0': CMAKE_PREFIX_PATH=/opt/ros/foxy /usr/bin/cmake --build /home/jingyan/handhold_radar_test/build/radar_cartographer -- -j16 -l16
[0.961s] DEBUG:colcon.colcon_core.event_handler.log_command:Invoking command in '/home/jingyan/handhold_radar_test/build/radar_cartographer': CMAKE_PREFIX_PATH=/opt/ros/foxy /usr/bin/cmake --install /home/jingyan/handhold_radar_test/build/radar_cartographer
[0.977s] Level 1:colcon.colcon_core.environment:create_environment_scripts_only(radar_cartographer)
[0.977s] DEBUG:colcon.colcon_core.event_handler.log_command:Invoked command in '/home/jingyan/handhold_radar_test/build/radar_cartographer' returned '0': CMAKE_PREFIX_PATH=/opt/ros/foxy /usr/bin/cmake --install /home/jingyan/handhold_radar_test/build/radar_cartographer
[0.988s] Level 1:colcon.colcon_core.environment:checking '/home/jingyan/handhold_radar_test/install/radar_cartographer' for CMake module files
[0.988s] Level 1:colcon.colcon_core.environment:checking '/home/jingyan/handhold_radar_test/install/radar_cartographer' for CMake config files
[0.989s] Level 1:colcon.colcon_core.shell:create_environment_hook('radar_cartographer', 'cmake_prefix_path')
[0.991s] INFO:colcon.colcon_core.shell:Creating environment hook '/home/jingyan/handhold_radar_test/install/radar_cartographer/share/radar_cartographer/hook/cmake_prefix_path.ps1'
[0.991s] INFO:colcon.colcon_core.shell:Creating environment descriptor '/home/jingyan/handhold_radar_test/install/radar_cartographer/share/radar_cartographer/hook/cmake_prefix_path.dsv'
[0.992s] INFO:colcon.colcon_core.shell:Creating environment hook '/home/jingyan/handhold_radar_test/install/radar_cartographer/share/radar_cartographer/hook/cmake_prefix_path.sh'
[0.993s] Level 1:colcon.colcon_core.environment:checking '/home/jingyan/handhold_radar_test/install/radar_cartographer/bin'
[0.993s] Level 1:colcon.colcon_core.environment:checking '/home/jingyan/handhold_radar_test/install/radar_cartographer/lib/pkgconfig/radar_cartographer.pc'
[0.993s] Level 1:colcon.colcon_core.environment:checking '/home/jingyan/handhold_radar_test/install/radar_cartographer/lib/python3.8/site-packages'
[0.993s] Level 1:colcon.colcon_core.environment:checking '/home/jingyan/handhold_radar_test/install/radar_cartographer/bin'
[0.995s] INFO:colcon.colcon_core.shell:Creating package script '/home/jingyan/handhold_radar_test/install/radar_cartographer/share/radar_cartographer/package.ps1'
[0.996s] INFO:colcon.colcon_core.shell:Creating package descriptor '/home/jingyan/handhold_radar_test/install/radar_cartographer/share/radar_cartographer/package.dsv'
[0.997s] INFO:colcon.colcon_core.shell:Creating package script '/home/jingyan/handhold_radar_test/install/radar_cartographer/share/radar_cartographer/package.sh'
[0.998s] INFO:colcon.colcon_core.shell:Creating package script '/home/jingyan/handhold_radar_test/install/radar_cartographer/share/radar_cartographer/package.bash'
[0.998s] INFO:colcon.colcon_core.shell:Creating package script '/home/jingyan/handhold_radar_test/install/radar_cartographer/share/radar_cartographer/package.zsh'
[0.999s] Level 1:colcon.colcon_core.environment:create_file_with_runtime_dependencies(/home/jingyan/handhold_radar_test/install/radar_cartographer/share/colcon-core/packages/radar_cartographer)
[1.035s] Level 1:colcon.colcon_core.environment:create_environment_scripts_only(radar_cartographer)
[1.039s] Level 1:colcon.colcon_core.environment:checking '/home/jingyan/handhold_radar_test/install/radar_cartographer' for CMake module files
[1.040s] Level 1:colcon.colcon_core.environment:checking '/home/jingyan/handhold_radar_test/install/radar_cartographer' for CMake config files
[1.040s] Level 1:colcon.colcon_core.shell:create_environment_hook('radar_cartographer', 'cmake_prefix_path')
[1.042s] INFO:colcon.colcon_core.shell:Creating environment hook '/home/jingyan/handhold_radar_test/install/radar_cartographer/share/radar_cartographer/hook/cmake_prefix_path.ps1'
[1.043s] INFO:colcon.colcon_core.shell:Creating environment descriptor '/home/jingyan/handhold_radar_test/install/radar_cartographer/share/radar_cartographer/hook/cmake_prefix_path.dsv'
[1.043s] INFO:colcon.colcon_core.shell:Creating environment hook '/home/jingyan/handhold_radar_test/install/radar_cartographer/share/radar_cartographer/hook/cmake_prefix_path.sh'
[1.044s] Level 1:colcon.colcon_core.environment:checking '/home/jingyan/handhold_radar_test/install/radar_cartographer/bin'
[1.044s] Level 1:colcon.colcon_core.environment:checking '/home/jingyan/handhold_radar_test/install/radar_cartographer/lib/pkgconfig/radar_cartographer.pc'
[1.044s] Level 1:colcon.colcon_core.environment:checking '/home/jingyan/handhold_radar_test/install/radar_cartographer/lib/python3.8/site-packages'
[1.044s] Level 1:colcon.colcon_core.environment:checking '/home/jingyan/handhold_radar_test/install/radar_cartographer/bin'
[1.046s] INFO:colcon.colcon_core.shell:Creating package script '/home/jingyan/handhold_radar_test/install/radar_cartographer/share/radar_cartographer/package.ps1'
[1.047s] INFO:colcon.colcon_core.shell:Creating package descriptor '/home/jingyan/handhold_radar_test/install/radar_cartographer/share/radar_cartographer/package.dsv'
[1.047s] INFO:colcon.colcon_core.shell:Creating package script '/home/jingyan/handhold_radar_test/install/radar_cartographer/share/radar_cartographer/package.sh'
[1.048s] INFO:colcon.colcon_core.shell:Creating package script '/home/jingyan/handhold_radar_test/install/radar_cartographer/share/radar_cartographer/package.bash'
[1.048s] INFO:colcon.colcon_core.shell:Creating package script '/home/jingyan/handhold_radar_test/install/radar_cartographer/share/radar_cartographer/package.zsh'
[1.049s] Level 1:colcon.colcon_core.environment:create_file_with_runtime_dependencies(/home/jingyan/handhold_radar_test/install/radar_cartographer/share/colcon-core/packages/radar_cartographer)
[1.316s] DEBUG:colcon.colcon_core.event_handler.log_command:Invoking command in '/home/jingyan/handhold_radar_test/src/iwr6843_pub': PYTHONPATH=/home/jingyan/handhold_radar_test/install/iwr6843_pub/lib/python3.8/site-packages:${PYTHONPATH} /usr/bin/python3 setup.py egg_info --egg-base ../../build/iwr6843_pub build --build-base /home/jingyan/handhold_radar_test/build/iwr6843_pub/build install --prefix /home/jingyan/handhold_radar_test/install/iwr6843_pub --record /home/jingyan/handhold_radar_test/build/iwr6843_pub/install.log --single-version-externally-managed
[1.668s] Level 1:colcon.colcon_core.environment:checking '/home/jingyan/handhold_radar_test/install/iwr6843_pub' for CMake module files
[1.669s] DEBUG:colcon.colcon_core.event_handler.log_command:Invoked command in '/home/jingyan/handhold_radar_test/src/iwr6843_pub' returned '0': PYTHONPATH=/home/jingyan/handhold_radar_test/install/iwr6843_pub/lib/python3.8/site-packages:${PYTHONPATH} /usr/bin/python3 setup.py egg_info --egg-base ../../build/iwr6843_pub build --build-base /home/jingyan/handhold_radar_test/build/iwr6843_pub/build install --prefix /home/jingyan/handhold_radar_test/install/iwr6843_pub --record /home/jingyan/handhold_radar_test/build/iwr6843_pub/install.log --single-version-externally-managed
[1.670s] Level 1:colcon.colcon_core.environment:checking '/home/jingyan/handhold_radar_test/install/iwr6843_pub' for CMake config files
[1.670s] Level 1:colcon.colcon_core.environment:checking '/home/jingyan/handhold_radar_test/install/iwr6843_pub/lib'
[1.671s] Level 1:colcon.colcon_core.environment:checking '/home/jingyan/handhold_radar_test/install/iwr6843_pub/bin'
[1.671s] Level 1:colcon.colcon_core.environment:checking '/home/jingyan/handhold_radar_test/install/iwr6843_pub/lib/pkgconfig/iwr6843_pub.pc'
[1.671s] Level 1:colcon.colcon_core.environment:checking '/home/jingyan/handhold_radar_test/install/iwr6843_pub/lib/python3.8/site-packages'
[1.671s] Level 1:colcon.colcon_core.shell:create_environment_hook('iwr6843_pub', 'pythonpath')
[1.673s] INFO:colcon.colcon_core.shell:Creating environment hook '/home/jingyan/handhold_radar_test/install/iwr6843_pub/share/iwr6843_pub/hook/pythonpath.ps1'
[1.673s] INFO:colcon.colcon_core.shell:Creating environment descriptor '/home/jingyan/handhold_radar_test/install/iwr6843_pub/share/iwr6843_pub/hook/pythonpath.dsv'
[1.674s] INFO:colcon.colcon_core.shell:Creating environment hook '/home/jingyan/handhold_radar_test/install/iwr6843_pub/share/iwr6843_pub/hook/pythonpath.sh'
[1.674s] Level 1:colcon.colcon_core.environment:checking '/home/jingyan/handhold_radar_test/install/iwr6843_pub/bin'
[1.674s] Level 1:colcon.colcon_core.environment:create_environment_scripts_only(iwr6843_pub)
[1.676s] INFO:colcon.colcon_core.shell:Creating package script '/home/jingyan/handhold_radar_test/install/iwr6843_pub/share/iwr6843_pub/package.ps1'
[1.677s] INFO:colcon.colcon_core.shell:Creating package descriptor '/home/jingyan/handhold_radar_test/install/iwr6843_pub/share/iwr6843_pub/package.dsv'
[1.678s] INFO:colcon.colcon_core.shell:Creating package script '/home/jingyan/handhold_radar_test/install/iwr6843_pub/share/iwr6843_pub/package.sh'
[1.678s] INFO:colcon.colcon_core.shell:Creating package script '/home/jingyan/handhold_radar_test/install/iwr6843_pub/share/iwr6843_pub/package.bash'
[1.678s] INFO:colcon.colcon_core.shell:Creating package script '/home/jingyan/handhold_radar_test/install/iwr6843_pub/share/iwr6843_pub/package.zsh'
[1.679s] Level 1:colcon.colcon_core.environment:create_file_with_runtime_dependencies(/home/jingyan/handhold_radar_test/install/iwr6843_pub/share/colcon-core/packages/iwr6843_pub)
[1.679s] DEBUG:colcon.colcon_parallel_executor.executor.parallel:closing loop
[1.679s] DEBUG:colcon.colcon_parallel_executor.executor.parallel:loop closed
[1.680s] DEBUG:colcon.colcon_parallel_executor.executor.parallel:run_until_complete finished with '0'
[1.680s] DEBUG:colcon.colcon_core.event_reactor:joining thread
[1.690s] INFO:colcon.colcon_core.plugin_system:Skipping extension 'colcon_notification.desktop_notification.terminal_notifier': Not used on non-Darwin systems
[1.690s] INFO:colcon.colcon_core.plugin_system:Skipping extension 'colcon_notification.desktop_notification.win32': Not used on non-Windows systems
[1.690s] INFO:colcon.colcon_notification.desktop_notification:Sending desktop notification using 'notify2'
[1.713s] DEBUG:colcon.colcon_core.event_reactor:joined thread
[1.716s] INFO:colcon.colcon_core.shell:Creating prefix script '/home/jingyan/handhold_radar_test/install/local_setup.ps1'
[1.718s] INFO:colcon.colcon_core.shell:Creating prefix util module '/home/jingyan/handhold_radar_test/install/_local_setup_util_ps1.py'
[1.720s] INFO:colcon.colcon_core.shell:Creating prefix chain script '/home/jingyan/handhold_radar_test/install/setup.ps1'
[1.722s] INFO:colcon.colcon_core.shell:Creating prefix script '/home/jingyan/handhold_radar_test/install/local_setup.sh'
[1.723s] INFO:colcon.colcon_core.shell:Creating prefix util module '/home/jingyan/handhold_radar_test/install/_local_setup_util_sh.py'
[1.724s] INFO:colcon.colcon_core.shell:Creating prefix chain script '/home/jingyan/handhold_radar_test/install/setup.sh'
[1.726s] INFO:colcon.colcon_core.shell:Creating prefix script '/home/jingyan/handhold_radar_test/install/local_setup.bash'
[1.727s] INFO:colcon.colcon_core.shell:Creating prefix chain script '/home/jingyan/handhold_radar_test/install/setup.bash'
[1.729s] INFO:colcon.colcon_core.shell:Creating prefix script '/home/jingyan/handhold_radar_test/install/local_setup.zsh'
[1.730s] INFO:colcon.colcon_core.shell:Creating prefix chain script '/home/jingyan/handhold_radar_test/install/setup.zsh'
