[0.217s] Invoking command in '/home/jingyan/handhold_radar_test/build/radar_cartographer': CMAKE_PREFIX_PATH=/opt/ros/foxy /usr/bin/cmake --build /home/jingyan/handhold_radar_test/build/radar_cartographer -- -j16 -l16
[0.265s] Invoked command in '/home/jingyan/handhold_radar_test/build/radar_cartographer' returned '0': CMAKE_PREFIX_PATH=/opt/ros/foxy /usr/bin/cmake --build /home/jingyan/handhold_radar_test/build/radar_cartographer -- -j16 -l16
[0.309s] Invoking command in '/home/jingyan/handhold_radar_test/build/radar_cartographer': CMAKE_PREFIX_PATH=/opt/ros/foxy /usr/bin/cmake --install /home/jingyan/handhold_radar_test/build/radar_cartographer
[0.315s] -- Install configuration: ""
[0.315s] -- Up-to-date: /home/jingyan/handhold_radar_test/install/radar_cartographer/share/radar_cartographer/config
[0.315s] -- Installing: /home/jingyan/handhold_radar_test/install/radar_cartographer/share/radar_cartographer/config/fishbot_2d.lua
[0.315s] -- Up-to-date: /home/jingyan/handhold_radar_test/install/radar_cartographer/share/radar_cartographer/launch
[0.315s] -- Up-to-date: /home/jingyan/handhold_radar_test/install/radar_cartographer/share/radar_cartographer/launch/cartographer.launch.py
[0.315s] -- Up-to-date: /home/jingyan/handhold_radar_test/install/radar_cartographer/share/radar_cartographer/rviz
[0.316s] -- Up-to-date: /home/jingyan/handhold_radar_test/install/radar_cartographer/share/ament_index/resource_index/package_run_dependencies/radar_cartographer
[0.316s] -- Up-to-date: /home/jingyan/handhold_radar_test/install/radar_cartographer/share/ament_index/resource_index/parent_prefix_path/radar_cartographer
[0.316s] -- Up-to-date: /home/jingyan/handhold_radar_test/install/radar_cartographer/share/radar_cartographer/environment/ament_prefix_path.sh
[0.316s] -- Up-to-date: /home/jingyan/handhold_radar_test/install/radar_cartographer/share/radar_cartographer/environment/ament_prefix_path.dsv
[0.316s] -- Up-to-date: /home/jingyan/handhold_radar_test/install/radar_cartographer/share/radar_cartographer/environment/path.sh
[0.316s] -- Up-to-date: /home/jingyan/handhold_radar_test/install/radar_cartographer/share/radar_cartographer/environment/path.dsv
[0.317s] -- Up-to-date: /home/jingyan/handhold_radar_test/install/radar_cartographer/share/radar_cartographer/local_setup.bash
[0.317s] -- Up-to-date: /home/jingyan/handhold_radar_test/install/radar_cartographer/share/radar_cartographer/local_setup.sh
[0.317s] -- Up-to-date: /home/jingyan/handhold_radar_test/install/radar_cartographer/share/radar_cartographer/local_setup.zsh
[0.317s] -- Up-to-date: /home/jingyan/handhold_radar_test/install/radar_cartographer/share/radar_cartographer/local_setup.dsv
[0.317s] -- Installing: /home/jingyan/handhold_radar_test/install/radar_cartographer/share/radar_cartographer/package.dsv
[0.317s] -- Up-to-date: /home/jingyan/handhold_radar_test/install/radar_cartographer/share/ament_index/resource_index/packages/radar_cartographer
[0.317s] -- Up-to-date: /home/jingyan/handhold_radar_test/install/radar_cartographer/share/radar_cartographer/cmake/radar_cartographerConfig.cmake
[0.317s] -- Up-to-date: /home/jingyan/handhold_radar_test/install/radar_cartographer/share/radar_cartographer/cmake/radar_cartographerConfig-version.cmake
[0.317s] -- Up-to-date: /home/jingyan/handhold_radar_test/install/radar_cartographer/share/radar_cartographer/package.xml
[0.318s] Invoked command in '/home/jingyan/handhold_radar_test/build/radar_cartographer' returned '0': CMAKE_PREFIX_PATH=/opt/ros/foxy /usr/bin/cmake --install /home/jingyan/handhold_radar_test/build/radar_cartographer
