[0.289s] Invoking command in '/home/jingyan/handhold_radar_test/build/radar_cartographer': CMAKE_PREFIX_PATH=/opt/ros/foxy /usr/bin/cmake /home/jingyan/handhold_radar_test/src/radar_cartographer -DCMAKE_INSTALL_PREFIX=/home/jingyan/handhold_radar_test/install/radar_cartographer
[0.536s] -- The C compiler identification is GNU 9.4.0
[0.722s] -- The CXX compiler identification is GNU 9.4.0
[0.737s] -- Check for working C compiler: /usr/bin/cc
[0.817s] -- Check for working C compiler: /usr/bin/cc -- works
[0.820s] -- Detecting C compiler ABI info
[0.907s] -- Detecting C compiler ABI info - done
[0.922s] -- Detecting C compile features
[0.922s] -- Detecting C compile features - done
[0.928s] -- Check for working CXX compiler: /usr/bin/c++
[1.013s] -- Check for working CXX compiler: /usr/bin/c++ -- works
[1.015s] -- Detecting CXX compiler ABI info
[1.099s] -- Detecting CXX compiler ABI info - done
[1.113s] -- Detecting CXX compile features
[1.113s] -- Detecting CXX compile features - done
[1.123s] -- Found ament_cmake: 0.9.11 (/opt/ros/foxy/share/ament_cmake/cmake)
[1.157s] -- Found PythonInterp: /usr/bin/python3 (found suitable version "3.8.10", minimum required is "3") 
[1.157s] -- Using PYTHON_EXECUTABLE: /usr/bin/python3
[1.363s] -- Found ament_lint_auto: 0.9.7 (/opt/ros/foxy/share/ament_lint_auto/cmake)
[1.430s] -- Added test 'copyright' to check source files copyright and LICENSE
[1.432s] -- Added test 'flake8' to check Python code syntax and style conventions
[1.432s] -- Added test 'lint_cmake' to check CMake code style
[1.433s] -- Added test 'pep257' to check Python code against some of the style conventions in PEP 257
[1.436s] -- Added test 'xmllint' to check XML markup files
[1.440s] -- Configuring done
[1.442s] -- Generating done
[1.443s] -- Build files have been written to: /home/jingyan/handhold_radar_test/build/radar_cartographer
[1.446s] Invoked command in '/home/jingyan/handhold_radar_test/build/radar_cartographer' returned '0': CMAKE_PREFIX_PATH=/opt/ros/foxy /usr/bin/cmake /home/jingyan/handhold_radar_test/src/radar_cartographer -DCMAKE_INSTALL_PREFIX=/home/jingyan/handhold_radar_test/install/radar_cartographer
[1.451s] Invoking command in '/home/jingyan/handhold_radar_test/build/radar_cartographer': CMAKE_PREFIX_PATH=/opt/ros/foxy /usr/bin/cmake --build /home/jingyan/handhold_radar_test/build/radar_cartographer -- -j16 -l16
[1.496s] Invoked command in '/home/jingyan/handhold_radar_test/build/radar_cartographer' returned '0': CMAKE_PREFIX_PATH=/opt/ros/foxy /usr/bin/cmake --build /home/jingyan/handhold_radar_test/build/radar_cartographer -- -j16 -l16
[1.543s] Invoking command in '/home/jingyan/handhold_radar_test/build/radar_cartographer': CMAKE_PREFIX_PATH=/opt/ros/foxy /usr/bin/cmake --install /home/jingyan/handhold_radar_test/build/radar_cartographer
[1.556s] -- Install configuration: ""
[1.556s] -- Installing: /home/jingyan/handhold_radar_test/install/radar_cartographer/share/radar_cartographer/config
[1.556s] -- Installing: /home/jingyan/handhold_radar_test/install/radar_cartographer/share/radar_cartographer/config/fishbot_2d.lua
[1.556s] -- Installing: /home/jingyan/handhold_radar_test/install/radar_cartographer/share/radar_cartographer/launch
[1.557s] -- Installing: /home/jingyan/handhold_radar_test/install/radar_cartographer/share/radar_cartographer/launch/cartographer.launch.py
[1.557s] -- Installing: /home/jingyan/handhold_radar_test/install/radar_cartographer/share/radar_cartographer/rviz
[1.557s] -- Installing: /home/jingyan/handhold_radar_test/install/radar_cartographer/share/ament_index/resource_index/package_run_dependencies/radar_cartographer
[1.557s] -- Installing: /home/jingyan/handhold_radar_test/install/radar_cartographer/share/ament_index/resource_index/parent_prefix_path/radar_cartographer
[1.557s] -- Installing: /home/jingyan/handhold_radar_test/install/radar_cartographer/share/radar_cartographer/environment/ament_prefix_path.sh
[1.558s] -- Installing: /home/jingyan/handhold_radar_test/install/radar_cartographer/share/radar_cartographer/environment/ament_prefix_path.dsv
[1.558s] -- Installing: /home/jingyan/handhold_radar_test/install/radar_cartographer/share/radar_cartographer/environment/path.sh
[1.558s] -- Installing: /home/jingyan/handhold_radar_test/install/radar_cartographer/share/radar_cartographer/environment/path.dsv
[1.558s] -- Installing: /home/jingyan/handhold_radar_test/install/radar_cartographer/share/radar_cartographer/local_setup.bash
[1.558s] -- Installing: /home/jingyan/handhold_radar_test/install/radar_cartographer/share/radar_cartographer/local_setup.sh
[1.559s] -- Installing: /home/jingyan/handhold_radar_test/install/radar_cartographer/share/radar_cartographer/local_setup.zsh
[1.559s] -- Installing: /home/jingyan/handhold_radar_test/install/radar_cartographer/share/radar_cartographer/local_setup.dsv
[1.559s] -- Installing: /home/jingyan/handhold_radar_test/install/radar_cartographer/share/radar_cartographer/package.dsv
[1.559s] -- Installing: /home/jingyan/handhold_radar_test/install/radar_cartographer/share/ament_index/resource_index/packages/radar_cartographer
[1.559s] -- Installing: /home/jingyan/handhold_radar_test/install/radar_cartographer/share/radar_cartographer/cmake/radar_cartographerConfig.cmake
[1.560s] -- Installing: /home/jingyan/handhold_radar_test/install/radar_cartographer/share/radar_cartographer/cmake/radar_cartographerConfig-version.cmake
[1.560s] -- Installing: /home/jingyan/handhold_radar_test/install/radar_cartographer/share/radar_cartographer/package.xml
[1.568s] Invoked command in '/home/jingyan/handhold_radar_test/build/radar_cartographer' returned '0': CMAKE_PREFIX_PATH=/opt/ros/foxy /usr/bin/cmake --install /home/jingyan/handhold_radar_test/build/radar_cartographer
