[0.356s] Invoking command in '/home/jingyan/handhold_radar_test/build/radar_cartographer': CMAKE_PREFIX_PATH=${CMAKE_PREFIX_PATH}:/home/jingyan/px4_ros_com_ros2/install/nav_goals:/home/jingyan/px4_ros_com_ros2/install/iwr6843aop_pub:/home/jingyan/px4_ros_com_ros2/install/iwr6843_pub:/opt/ros/foxy /usr/bin/cmake --build /home/jingyan/handhold_radar_test/build/radar_cartographer -- -j16 -l16
[0.411s] Invoked command in '/home/jingyan/handhold_radar_test/build/radar_cartographer' returned '0': CMAKE_PREFIX_PATH=${CMAKE_PREFIX_PATH}:/home/jingyan/px4_ros_com_ros2/install/nav_goals:/home/jingyan/px4_ros_com_ros2/install/iwr6843aop_pub:/home/jingyan/px4_ros_com_ros2/install/iwr6843_pub:/opt/ros/foxy /usr/bin/cmake --build /home/jingyan/handhold_radar_test/build/radar_cartographer -- -j16 -l16
[0.462s] Invoking command in '/home/jingyan/handhold_radar_test/build/radar_cartographer': CMAKE_PREFIX_PATH=${CMAKE_PREFIX_PATH}:/home/jingyan/px4_ros_com_ros2/install/nav_goals:/home/jingyan/px4_ros_com_ros2/install/iwr6843aop_pub:/home/jingyan/px4_ros_com_ros2/install/iwr6843_pub:/opt/ros/foxy /usr/bin/cmake --install /home/jingyan/handhold_radar_test/build/radar_cartographer
[0.475s] -- Install configuration: ""
[0.475s] -- Up-to-date: /home/jingyan/handhold_radar_test/install/radar_cartographer/share/radar_cartographer/config
[0.475s] -- Up-to-date: /home/jingyan/handhold_radar_test/install/radar_cartographer/share/radar_cartographer/config/fishbot_2d.lua
[0.476s] -- Up-to-date: /home/jingyan/handhold_radar_test/install/radar_cartographer/share/radar_cartographer/launch
[0.476s] -- Up-to-date: /home/jingyan/handhold_radar_test/install/radar_cartographer/share/radar_cartographer/launch/cartographer.launch.py
[0.476s] -- Up-to-date: /home/jingyan/handhold_radar_test/install/radar_cartographer/share/radar_cartographer/rviz
[0.476s] -- Up-to-date: /home/jingyan/handhold_radar_test/install/radar_cartographer/share/ament_index/resource_index/package_run_dependencies/radar_cartographer
[0.477s] -- Up-to-date: /home/jingyan/handhold_radar_test/install/radar_cartographer/share/ament_index/resource_index/parent_prefix_path/radar_cartographer
[0.477s] -- Up-to-date: /home/jingyan/handhold_radar_test/install/radar_cartographer/share/radar_cartographer/environment/ament_prefix_path.sh
[0.477s] -- Up-to-date: /home/jingyan/handhold_radar_test/install/radar_cartographer/share/radar_cartographer/environment/ament_prefix_path.dsv
[0.477s] -- Up-to-date: /home/jingyan/handhold_radar_test/install/radar_cartographer/share/radar_cartographer/environment/path.sh
[0.477s] -- Up-to-date: /home/jingyan/handhold_radar_test/install/radar_cartographer/share/radar_cartographer/environment/path.dsv
[0.477s] -- Up-to-date: /home/jingyan/handhold_radar_test/install/radar_cartographer/share/radar_cartographer/local_setup.bash
[0.478s] -- Up-to-date: /home/jingyan/handhold_radar_test/install/radar_cartographer/share/radar_cartographer/local_setup.sh
[0.478s] -- Up-to-date: /home/jingyan/handhold_radar_test/install/radar_cartographer/share/radar_cartographer/local_setup.zsh
[0.478s] -- Up-to-date: /home/jingyan/handhold_radar_test/install/radar_cartographer/share/radar_cartographer/local_setup.dsv
[0.478s] -- Installing: /home/jingyan/handhold_radar_test/install/radar_cartographer/share/radar_cartographer/package.dsv
[0.478s] -- Up-to-date: /home/jingyan/handhold_radar_test/install/radar_cartographer/share/ament_index/resource_index/packages/radar_cartographer
[0.479s] -- Up-to-date: /home/jingyan/handhold_radar_test/install/radar_cartographer/share/radar_cartographer/cmake/radar_cartographerConfig.cmake
[0.479s] -- Up-to-date: /home/jingyan/handhold_radar_test/install/radar_cartographer/share/radar_cartographer/cmake/radar_cartographerConfig-version.cmake
[0.479s] -- Up-to-date: /home/jingyan/handhold_radar_test/install/radar_cartographer/share/radar_cartographer/package.xml
[0.481s] Invoked command in '/home/jingyan/handhold_radar_test/build/radar_cartographer' returned '0': CMAKE_PREFIX_PATH=${CMAKE_PREFIX_PATH}:/home/jingyan/px4_ros_com_ros2/install/nav_goals:/home/jingyan/px4_ros_com_ros2/install/iwr6843aop_pub:/home/jingyan/px4_ros_com_ros2/install/iwr6843_pub:/opt/ros/foxy /usr/bin/cmake --install /home/jingyan/handhold_radar_test/build/radar_cartographer
