[0.659s] Invoking command in '/home/jingyan/handhold_radar_test/src/iwr6843_pub': PYTHONPATH=/home/jingyan/handhold_radar_test/install/iwr6843_pub/lib/python3.8/site-packages:${PYTHONPATH} /usr/bin/python3 setup.py egg_info --egg-base ../../build/iwr6843_pub build --build-base /home/jingyan/handhold_radar_test/build/iwr6843_pub/build install --prefix /home/jingyan/handhold_radar_test/install/iwr6843_pub --record /home/jingyan/handhold_radar_test/build/iwr6843_pub/install.log --single-version-externally-managed
[0.819s] /home/jingyan/.local/lib/python3.8/site-packages/setuptools/dist.py:717: UserWarning: Usage of dash-separated 'script-dir' will not be supported in future versions. Please use the underscore name 'script_dir' instead
[0.819s]   warnings.warn(
[0.819s] /home/jingyan/.local/lib/python3.8/site-packages/setuptools/dist.py:717: UserWarning: Usage of dash-separated 'install-scripts' will not be supported in future versions. Please use the underscore name 'install_scripts' instead
[0.819s]   warnings.warn(
[0.838s] running egg_info
[0.845s] writing manifest file '../../build/iwr6843_pub/iwr6843_pub.egg-info/SOURCES.txt'
[0.845s] running build
[0.845s] running build_py
[0.845s] copying iwr6843_pub/Ros2bag_time_update.py -> /home/jingyan/handhold_radar_test/build/iwr6843_pub/build/lib/iwr6843_pub
[0.845s] running install
[0.846s] running install_lib
[0.848s] byte-compiling /home/jingyan/handhold_radar_test/install/iwr6843_pub/lib/python3.8/site-packages/iwr6843_pub/Ros2bag_time_update.py to Ros2bag_time_update.cpython-38.pyc
[0.848s] running install_data
[0.848s]   File "/home/jingyan/handhold_radar_test/install/iwr6843_pub/lib/python3.8/site-packages/iwr6843_pub/Ros2bag_time_update.py", line 34
[0.848s]     using namespace std::chrono_literals;
[0.848s]           ^
[0.849s] SyntaxError: invalid syntax
[0.849s] 
[0.849s] running install_egg_info
[0.850s] removing '/home/jingyan/handhold_radar_test/install/iwr6843_pub/lib/python3.8/site-packages/iwr6843_pub-0.0.0-py3.8.egg-info' (and everything under it)
[0.851s] Copying ../../build/iwr6843_pub/iwr6843_pub.egg-info to /home/jingyan/handhold_radar_test/install/iwr6843_pub/lib/python3.8/site-packages/iwr6843_pub-0.0.0-py3.8.egg-info
[0.852s] running install_scripts
[0.868s] writing list of installed files to '/home/jingyan/handhold_radar_test/build/iwr6843_pub/install.log'
[0.894s] Invoked command in '/home/jingyan/handhold_radar_test/src/iwr6843_pub' returned '0': PYTHONPATH=/home/jingyan/handhold_radar_test/install/iwr6843_pub/lib/python3.8/site-packages:${PYTHONPATH} /usr/bin/python3 setup.py egg_info --egg-base ../../build/iwr6843_pub build --build-base /home/jingyan/handhold_radar_test/build/iwr6843_pub/build install --prefix /home/jingyan/handhold_radar_test/install/iwr6843_pub --record /home/jingyan/handhold_radar_test/build/iwr6843_pub/install.log --single-version-externally-managed
